[2023-11-08 15:23:05] local.ERROR: SQLSTATE[42000]: Syntax error or access violation: 1075 Incorrect table definition; there can be only one auto column and it must be defined as a key (Connection: mysql, SQL: create table `rooms` (`id` bigint unsigned not null auto_increment primary key, `type` varchar(64) not null, `name` varchar(64) not null, `floor` int not null auto_increment primary key, `size` varchar(32) null, `created_at` timestamp null, `updated_at` timestamp null, `deleted_at` timestamp null) default character set utf8mb4 collate 'utf8mb4_unicode_ci') {"exception":"[object] (Illuminate\\Database\\QueryException(code: 42000): SQLSTATE[42000]: Syntax error or access violation: 1075 Incorrect table definition; there can be only one auto column and it must be defined as a key (Connection: mysql, SQL: create table `rooms` (`id` bigint unsigned not null auto_increment primary key, `type` varchar(64) not null, `name` varchar(64) not null, `floor` int not null auto_increment primary key, `size` varchar(32) null, `created_at` timestamp null, `updated_at` timestamp null, `deleted_at` timestamp null) default character set utf8mb4 collate 'utf8mb4_unicode_ci') at /home/bayutb123/Web/SchoolAdmin/vendor/laravel/framework/src/Illuminate/Database/Connection.php:793)
[stacktrace]
#0 /home/bayutb123/Web/SchoolAdmin/vendor/laravel/framework/src/Illuminate/Database/Connection.php(753): Illuminate\\Database\\Connection->runQueryCallback()
#1 /home/bayutb123/Web/SchoolAdmin/vendor/laravel/framework/src/Illuminate/Database/Connection.php(579): Illuminate\\Database\\Connection->run()
#2 /home/bayutb123/Web/SchoolAdmin/vendor/laravel/framework/src/Illuminate/Database/Schema/Blueprint.php(109): Illuminate\\Database\\Connection->statement()
#3 /home/bayutb123/Web/SchoolAdmin/vendor/laravel/framework/src/Illuminate/Database/Schema/Builder.php(439): Illuminate\\Database\\Schema\\Blueprint->build()
#4 /home/bayutb123/Web/SchoolAdmin/vendor/laravel/framework/src/Illuminate/Database/Schema/Builder.php(285): Illuminate\\Database\\Schema\\Builder->build()
#5 /home/bayutb123/Web/SchoolAdmin/vendor/laravel/framework/src/Illuminate/Support/Facades/Facade.php(353): Illuminate\\Database\\Schema\\Builder->create()
#6 /home/bayutb123/Web/SchoolAdmin/database/migrations/2023_11_08_152021_create_rooms_table.php(22): Illuminate\\Support\\Facades\\Facade::__callStatic()
#7 /home/bayutb123/Web/SchoolAdmin/vendor/laravel/framework/src/Illuminate/Database/Migrations/Migrator.php(492): Illuminate\\Database\\Migrations\\Migration@anonymous->up()
#8 /home/bayutb123/Web/SchoolAdmin/vendor/laravel/framework/src/Illuminate/Database/Migrations/Migrator.php(410): Illuminate\\Database\\Migrations\\Migrator->runMethod()
#9 /home/bayutb123/Web/SchoolAdmin/vendor/laravel/framework/src/Illuminate/Database/Migrations/Migrator.php(419): Illuminate\\Database\\Migrations\\Migrator->Illuminate\\Database\\Migrations\\{closure}()
#10 /home/bayutb123/Web/SchoolAdmin/vendor/laravel/framework/src/Illuminate/Database/Migrations/Migrator.php(216): Illuminate\\Database\\Migrations\\Migrator->runMigration()
#11 /home/bayutb123/Web/SchoolAdmin/vendor/laravel/framework/src/Illuminate/Console/View/Components/Task.php(37): Illuminate\\Database\\Migrations\\Migrator->Illuminate\\Database\\Migrations\\{closure}()
#12 /home/bayutb123/Web/SchoolAdmin/vendor/laravel/framework/src/Illuminate/Database/Migrations/Migrator.php(755): Illuminate\\Console\\View\\Components\\Task->render()
#13 /home/bayutb123/Web/SchoolAdmin/vendor/laravel/framework/src/Illuminate/Database/Migrations/Migrator.php(216): Illuminate\\Database\\Migrations\\Migrator->write()
#14 /home/bayutb123/Web/SchoolAdmin/vendor/laravel/framework/src/Illuminate/Database/Migrations/Migrator.php(181): Illuminate\\Database\\Migrations\\Migrator->runUp()
#15 /home/bayutb123/Web/SchoolAdmin/vendor/laravel/framework/src/Illuminate/Database/Migrations/Migrator.php(124): Illuminate\\Database\\Migrations\\Migrator->runPending()
#16 /home/bayutb123/Web/SchoolAdmin/vendor/laravel/framework/src/Illuminate/Database/Console/Migrations/MigrateCommand.php(90): Illuminate\\Database\\Migrations\\Migrator->run()
#17 /home/bayutb123/Web/SchoolAdmin/vendor/laravel/framework/src/Illuminate/Database/Migrations/Migrator.php(632): Illuminate\\Database\\Console\\Migrations\\MigrateCommand->Illuminate\\Database\\Console\\Migrations\\{closure}()
#18 /home/bayutb123/Web/SchoolAdmin/vendor/laravel/framework/src/Illuminate/Database/Console/Migrations/MigrateCommand.php(102): Illuminate\\Database\\Migrations\\Migrator->usingConnection()
#19 /home/bayutb123/Web/SchoolAdmin/vendor/laravel/framework/src/Illuminate/Container/BoundMethod.php(36): Illuminate\\Database\\Console\\Migrations\\MigrateCommand->handle()
#20 /home/bayutb123/Web/SchoolAdmin/vendor/laravel/framework/src/Illuminate/Container/Util.php(41): Illuminate\\Container\\BoundMethod::Illuminate\\Container\\{closure}()
#21 /home/bayutb123/Web/SchoolAdmin/vendor/laravel/framework/src/Illuminate/Container/BoundMethod.php(93): Illuminate\\Container\\Util::unwrapIfClosure()
#22 /home/bayutb123/Web/SchoolAdmin/vendor/laravel/framework/src/Illuminate/Container/BoundMethod.php(37): Illuminate\\Container\\BoundMethod::callBoundMethod()
#23 /home/bayutb123/Web/SchoolAdmin/vendor/laravel/framework/src/Illuminate/Container/Container.php(662): Illuminate\\Container\\BoundMethod::call()
#24 /home/bayutb123/Web/SchoolAdmin/vendor/laravel/framework/src/Illuminate/Console/Command.php(194): Illuminate\\Container\\Container->call()
#25 /home/bayutb123/Web/SchoolAdmin/vendor/symfony/console/Command/Command.php(312): Illuminate\\Console\\Command->execute()
#26 /home/bayutb123/Web/SchoolAdmin/vendor/laravel/framework/src/Illuminate/Console/Command.php(164): Symfony\\Component\\Console\\Command\\Command->run()
#27 /home/bayutb123/Web/SchoolAdmin/vendor/symfony/console/Application.php(1040): Illuminate\\Console\\Command->run()
#28 /home/bayutb123/Web/SchoolAdmin/vendor/symfony/console/Application.php(314): Symfony\\Component\\Console\\Application->doRunCommand()
#29 /home/bayutb123/Web/SchoolAdmin/vendor/symfony/console/Application.php(168): Symfony\\Component\\Console\\Application->doRun()
#30 /home/bayutb123/Web/SchoolAdmin/vendor/laravel/framework/src/Illuminate/Foundation/Console/Kernel.php(200): Symfony\\Component\\Console\\Application->run()
#31 /home/bayutb123/Web/SchoolAdmin/artisan(37): Illuminate\\Foundation\\Console\\Kernel->handle()
#32 {main}

[previous exception] [object] (PDOException(code: 42000): SQLSTATE[42000]: Syntax error or access violation: 1075 Incorrect table definition; there can be only one auto column and it must be defined as a key at /home/bayutb123/Web/SchoolAdmin/vendor/laravel/framework/src/Illuminate/Database/Connection.php:578)
[stacktrace]
#0 /home/bayutb123/Web/SchoolAdmin/vendor/laravel/framework/src/Illuminate/Database/Connection.php(578): PDOStatement->execute()
#1 /home/bayutb123/Web/SchoolAdmin/vendor/laravel/framework/src/Illuminate/Database/Connection.php(786): Illuminate\\Database\\Connection->Illuminate\\Database\\{closure}()
#2 /home/bayutb123/Web/SchoolAdmin/vendor/laravel/framework/src/Illuminate/Database/Connection.php(753): Illuminate\\Database\\Connection->runQueryCallback()
#3 /home/bayutb123/Web/SchoolAdmin/vendor/laravel/framework/src/Illuminate/Database/Connection.php(579): Illuminate\\Database\\Connection->run()
#4 /home/bayutb123/Web/SchoolAdmin/vendor/laravel/framework/src/Illuminate/Database/Schema/Blueprint.php(109): Illuminate\\Database\\Connection->statement()
#5 /home/bayutb123/Web/SchoolAdmin/vendor/laravel/framework/src/Illuminate/Database/Schema/Builder.php(439): Illuminate\\Database\\Schema\\Blueprint->build()
#6 /home/bayutb123/Web/SchoolAdmin/vendor/laravel/framework/src/Illuminate/Database/Schema/Builder.php(285): Illuminate\\Database\\Schema\\Builder->build()
#7 /home/bayutb123/Web/SchoolAdmin/vendor/laravel/framework/src/Illuminate/Support/Facades/Facade.php(353): Illuminate\\Database\\Schema\\Builder->create()
#8 /home/bayutb123/Web/SchoolAdmin/database/migrations/2023_11_08_152021_create_rooms_table.php(22): Illuminate\\Support\\Facades\\Facade::__callStatic()
#9 /home/bayutb123/Web/SchoolAdmin/vendor/laravel/framework/src/Illuminate/Database/Migrations/Migrator.php(492): Illuminate\\Database\\Migrations\\Migration@anonymous->up()
#10 /home/bayutb123/Web/SchoolAdmin/vendor/laravel/framework/src/Illuminate/Database/Migrations/Migrator.php(410): Illuminate\\Database\\Migrations\\Migrator->runMethod()
#11 /home/bayutb123/Web/SchoolAdmin/vendor/laravel/framework/src/Illuminate/Database/Migrations/Migrator.php(419): Illuminate\\Database\\Migrations\\Migrator->Illuminate\\Database\\Migrations\\{closure}()
#12 /home/bayutb123/Web/SchoolAdmin/vendor/laravel/framework/src/Illuminate/Database/Migrations/Migrator.php(216): Illuminate\\Database\\Migrations\\Migrator->runMigration()
#13 /home/bayutb123/Web/SchoolAdmin/vendor/laravel/framework/src/Illuminate/Console/View/Components/Task.php(37): Illuminate\\Database\\Migrations\\Migrator->Illuminate\\Database\\Migrations\\{closure}()
#14 /home/bayutb123/Web/SchoolAdmin/vendor/laravel/framework/src/Illuminate/Database/Migrations/Migrator.php(755): Illuminate\\Console\\View\\Components\\Task->render()
#15 /home/bayutb123/Web/SchoolAdmin/vendor/laravel/framework/src/Illuminate/Database/Migrations/Migrator.php(216): Illuminate\\Database\\Migrations\\Migrator->write()
#16 /home/bayutb123/Web/SchoolAdmin/vendor/laravel/framework/src/Illuminate/Database/Migrations/Migrator.php(181): Illuminate\\Database\\Migrations\\Migrator->runUp()
#17 /home/bayutb123/Web/SchoolAdmin/vendor/laravel/framework/src/Illuminate/Database/Migrations/Migrator.php(124): Illuminate\\Database\\Migrations\\Migrator->runPending()
#18 /home/bayutb123/Web/SchoolAdmin/vendor/laravel/framework/src/Illuminate/Database/Console/Migrations/MigrateCommand.php(90): Illuminate\\Database\\Migrations\\Migrator->run()
#19 /home/bayutb123/Web/SchoolAdmin/vendor/laravel/framework/src/Illuminate/Database/Migrations/Migrator.php(632): Illuminate\\Database\\Console\\Migrations\\MigrateCommand->Illuminate\\Database\\Console\\Migrations\\{closure}()
#20 /home/bayutb123/Web/SchoolAdmin/vendor/laravel/framework/src/Illuminate/Database/Console/Migrations/MigrateCommand.php(102): Illuminate\\Database\\Migrations\\Migrator->usingConnection()
#21 /home/bayutb123/Web/SchoolAdmin/vendor/laravel/framework/src/Illuminate/Container/BoundMethod.php(36): Illuminate\\Database\\Console\\Migrations\\MigrateCommand->handle()
#22 /home/bayutb123/Web/SchoolAdmin/vendor/laravel/framework/src/Illuminate/Container/Util.php(41): Illuminate\\Container\\BoundMethod::Illuminate\\Container\\{closure}()
#23 /home/bayutb123/Web/SchoolAdmin/vendor/laravel/framework/src/Illuminate/Container/BoundMethod.php(93): Illuminate\\Container\\Util::unwrapIfClosure()
#24 /home/bayutb123/Web/SchoolAdmin/vendor/laravel/framework/src/Illuminate/Container/BoundMethod.php(37): Illuminate\\Container\\BoundMethod::callBoundMethod()
#25 /home/bayutb123/Web/SchoolAdmin/vendor/laravel/framework/src/Illuminate/Container/Container.php(662): Illuminate\\Container\\BoundMethod::call()
#26 /home/bayutb123/Web/SchoolAdmin/vendor/laravel/framework/src/Illuminate/Console/Command.php(194): Illuminate\\Container\\Container->call()
#27 /home/bayutb123/Web/SchoolAdmin/vendor/symfony/console/Command/Command.php(312): Illuminate\\Console\\Command->execute()
#28 /home/bayutb123/Web/SchoolAdmin/vendor/laravel/framework/src/Illuminate/Console/Command.php(164): Symfony\\Component\\Console\\Command\\Command->run()
#29 /home/bayutb123/Web/SchoolAdmin/vendor/symfony/console/Application.php(1040): Illuminate\\Console\\Command->run()
#30 /home/bayutb123/Web/SchoolAdmin/vendor/symfony/console/Application.php(314): Symfony\\Component\\Console\\Application->doRunCommand()
#31 /home/bayutb123/Web/SchoolAdmin/vendor/symfony/console/Application.php(168): Symfony\\Component\\Console\\Application->doRun()
#32 /home/bayutb123/Web/SchoolAdmin/vendor/laravel/framework/src/Illuminate/Foundation/Console/Kernel.php(200): Symfony\\Component\\Console\\Application->run()
#33 /home/bayutb123/Web/SchoolAdmin/artisan(37): Illuminate\\Foundation\\Console\\Kernel->handle()
#34 {main}
"} 
[2023-11-08 15:28:27] local.ERROR: SQLSTATE[42000]: Syntax error or access violation: 1072 Key column 'user_id' doesn't exist in table (Connection: mysql, SQL: alter table `inventories` add constraint `inventories_user_id_foreign` foreign key (`user_id`) references `users` (`id`)) {"exception":"[object] (Illuminate\\Database\\QueryException(code: 42000): SQLSTATE[42000]: Syntax error or access violation: 1072 Key column 'user_id' doesn't exist in table (Connection: mysql, SQL: alter table `inventories` add constraint `inventories_user_id_foreign` foreign key (`user_id`) references `users` (`id`)) at /home/bayutb123/Web/SchoolAdmin/vendor/laravel/framework/src/Illuminate/Database/Connection.php:793)
[stacktrace]
#0 /home/bayutb123/Web/SchoolAdmin/vendor/laravel/framework/src/Illuminate/Database/Connection.php(753): Illuminate\\Database\\Connection->runQueryCallback()
#1 /home/bayutb123/Web/SchoolAdmin/vendor/laravel/framework/src/Illuminate/Database/Connection.php(579): Illuminate\\Database\\Connection->run()
#2 /home/bayutb123/Web/SchoolAdmin/vendor/laravel/framework/src/Illuminate/Database/Schema/Blueprint.php(109): Illuminate\\Database\\Connection->statement()
#3 /home/bayutb123/Web/SchoolAdmin/vendor/laravel/framework/src/Illuminate/Database/Schema/Builder.php(439): Illuminate\\Database\\Schema\\Blueprint->build()
#4 /home/bayutb123/Web/SchoolAdmin/vendor/laravel/framework/src/Illuminate/Database/Schema/Builder.php(285): Illuminate\\Database\\Schema\\Builder->build()
#5 /home/bayutb123/Web/SchoolAdmin/vendor/laravel/framework/src/Illuminate/Support/Facades/Facade.php(353): Illuminate\\Database\\Schema\\Builder->create()
#6 /home/bayutb123/Web/SchoolAdmin/database/migrations/2023_11_08_152511_create_inventories_table.php(29): Illuminate\\Support\\Facades\\Facade::__callStatic()
#7 /home/bayutb123/Web/SchoolAdmin/vendor/laravel/framework/src/Illuminate/Database/Migrations/Migrator.php(492): Illuminate\\Database\\Migrations\\Migration@anonymous->up()
#8 /home/bayutb123/Web/SchoolAdmin/vendor/laravel/framework/src/Illuminate/Database/Migrations/Migrator.php(410): Illuminate\\Database\\Migrations\\Migrator->runMethod()
#9 /home/bayutb123/Web/SchoolAdmin/vendor/laravel/framework/src/Illuminate/Database/Migrations/Migrator.php(419): Illuminate\\Database\\Migrations\\Migrator->Illuminate\\Database\\Migrations\\{closure}()
#10 /home/bayutb123/Web/SchoolAdmin/vendor/laravel/framework/src/Illuminate/Database/Migrations/Migrator.php(216): Illuminate\\Database\\Migrations\\Migrator->runMigration()
#11 /home/bayutb123/Web/SchoolAdmin/vendor/laravel/framework/src/Illuminate/Console/View/Components/Task.php(37): Illuminate\\Database\\Migrations\\Migrator->Illuminate\\Database\\Migrations\\{closure}()
#12 /home/bayutb123/Web/SchoolAdmin/vendor/laravel/framework/src/Illuminate/Database/Migrations/Migrator.php(755): Illuminate\\Console\\View\\Components\\Task->render()
#13 /home/bayutb123/Web/SchoolAdmin/vendor/laravel/framework/src/Illuminate/Database/Migrations/Migrator.php(216): Illuminate\\Database\\Migrations\\Migrator->write()
#14 /home/bayutb123/Web/SchoolAdmin/vendor/laravel/framework/src/Illuminate/Database/Migrations/Migrator.php(181): Illuminate\\Database\\Migrations\\Migrator->runUp()
#15 /home/bayutb123/Web/SchoolAdmin/vendor/laravel/framework/src/Illuminate/Database/Migrations/Migrator.php(124): Illuminate\\Database\\Migrations\\Migrator->runPending()
#16 /home/bayutb123/Web/SchoolAdmin/vendor/laravel/framework/src/Illuminate/Database/Console/Migrations/MigrateCommand.php(90): Illuminate\\Database\\Migrations\\Migrator->run()
#17 /home/bayutb123/Web/SchoolAdmin/vendor/laravel/framework/src/Illuminate/Database/Migrations/Migrator.php(632): Illuminate\\Database\\Console\\Migrations\\MigrateCommand->Illuminate\\Database\\Console\\Migrations\\{closure}()
#18 /home/bayutb123/Web/SchoolAdmin/vendor/laravel/framework/src/Illuminate/Database/Console/Migrations/MigrateCommand.php(102): Illuminate\\Database\\Migrations\\Migrator->usingConnection()
#19 /home/bayutb123/Web/SchoolAdmin/vendor/laravel/framework/src/Illuminate/Container/BoundMethod.php(36): Illuminate\\Database\\Console\\Migrations\\MigrateCommand->handle()
#20 /home/bayutb123/Web/SchoolAdmin/vendor/laravel/framework/src/Illuminate/Container/Util.php(41): Illuminate\\Container\\BoundMethod::Illuminate\\Container\\{closure}()
#21 /home/bayutb123/Web/SchoolAdmin/vendor/laravel/framework/src/Illuminate/Container/BoundMethod.php(93): Illuminate\\Container\\Util::unwrapIfClosure()
#22 /home/bayutb123/Web/SchoolAdmin/vendor/laravel/framework/src/Illuminate/Container/BoundMethod.php(37): Illuminate\\Container\\BoundMethod::callBoundMethod()
#23 /home/bayutb123/Web/SchoolAdmin/vendor/laravel/framework/src/Illuminate/Container/Container.php(662): Illuminate\\Container\\BoundMethod::call()
#24 /home/bayutb123/Web/SchoolAdmin/vendor/laravel/framework/src/Illuminate/Console/Command.php(194): Illuminate\\Container\\Container->call()
#25 /home/bayutb123/Web/SchoolAdmin/vendor/symfony/console/Command/Command.php(312): Illuminate\\Console\\Command->execute()
#26 /home/bayutb123/Web/SchoolAdmin/vendor/laravel/framework/src/Illuminate/Console/Command.php(164): Symfony\\Component\\Console\\Command\\Command->run()
#27 /home/bayutb123/Web/SchoolAdmin/vendor/symfony/console/Application.php(1040): Illuminate\\Console\\Command->run()
#28 /home/bayutb123/Web/SchoolAdmin/vendor/symfony/console/Application.php(314): Symfony\\Component\\Console\\Application->doRunCommand()
#29 /home/bayutb123/Web/SchoolAdmin/vendor/symfony/console/Application.php(168): Symfony\\Component\\Console\\Application->doRun()
#30 /home/bayutb123/Web/SchoolAdmin/vendor/laravel/framework/src/Illuminate/Foundation/Console/Kernel.php(200): Symfony\\Component\\Console\\Application->run()
#31 /home/bayutb123/Web/SchoolAdmin/artisan(37): Illuminate\\Foundation\\Console\\Kernel->handle()
#32 {main}

[previous exception] [object] (PDOException(code: 42000): SQLSTATE[42000]: Syntax error or access violation: 1072 Key column 'user_id' doesn't exist in table at /home/bayutb123/Web/SchoolAdmin/vendor/laravel/framework/src/Illuminate/Database/Connection.php:578)
[stacktrace]
#0 /home/bayutb123/Web/SchoolAdmin/vendor/laravel/framework/src/Illuminate/Database/Connection.php(578): PDOStatement->execute()
#1 /home/bayutb123/Web/SchoolAdmin/vendor/laravel/framework/src/Illuminate/Database/Connection.php(786): Illuminate\\Database\\Connection->Illuminate\\Database\\{closure}()
#2 /home/bayutb123/Web/SchoolAdmin/vendor/laravel/framework/src/Illuminate/Database/Connection.php(753): Illuminate\\Database\\Connection->runQueryCallback()
#3 /home/bayutb123/Web/SchoolAdmin/vendor/laravel/framework/src/Illuminate/Database/Connection.php(579): Illuminate\\Database\\Connection->run()
#4 /home/bayutb123/Web/SchoolAdmin/vendor/laravel/framework/src/Illuminate/Database/Schema/Blueprint.php(109): Illuminate\\Database\\Connection->statement()
#5 /home/bayutb123/Web/SchoolAdmin/vendor/laravel/framework/src/Illuminate/Database/Schema/Builder.php(439): Illuminate\\Database\\Schema\\Blueprint->build()
#6 /home/bayutb123/Web/SchoolAdmin/vendor/laravel/framework/src/Illuminate/Database/Schema/Builder.php(285): Illuminate\\Database\\Schema\\Builder->build()
#7 /home/bayutb123/Web/SchoolAdmin/vendor/laravel/framework/src/Illuminate/Support/Facades/Facade.php(353): Illuminate\\Database\\Schema\\Builder->create()
#8 /home/bayutb123/Web/SchoolAdmin/database/migrations/2023_11_08_152511_create_inventories_table.php(29): Illuminate\\Support\\Facades\\Facade::__callStatic()
#9 /home/bayutb123/Web/SchoolAdmin/vendor/laravel/framework/src/Illuminate/Database/Migrations/Migrator.php(492): Illuminate\\Database\\Migrations\\Migration@anonymous->up()
#10 /home/bayutb123/Web/SchoolAdmin/vendor/laravel/framework/src/Illuminate/Database/Migrations/Migrator.php(410): Illuminate\\Database\\Migrations\\Migrator->runMethod()
#11 /home/bayutb123/Web/SchoolAdmin/vendor/laravel/framework/src/Illuminate/Database/Migrations/Migrator.php(419): Illuminate\\Database\\Migrations\\Migrator->Illuminate\\Database\\Migrations\\{closure}()
#12 /home/bayutb123/Web/SchoolAdmin/vendor/laravel/framework/src/Illuminate/Database/Migrations/Migrator.php(216): Illuminate\\Database\\Migrations\\Migrator->runMigration()
#13 /home/bayutb123/Web/SchoolAdmin/vendor/laravel/framework/src/Illuminate/Console/View/Components/Task.php(37): Illuminate\\Database\\Migrations\\Migrator->Illuminate\\Database\\Migrations\\{closure}()
#14 /home/bayutb123/Web/SchoolAdmin/vendor/laravel/framework/src/Illuminate/Database/Migrations/Migrator.php(755): Illuminate\\Console\\View\\Components\\Task->render()
#15 /home/bayutb123/Web/SchoolAdmin/vendor/laravel/framework/src/Illuminate/Database/Migrations/Migrator.php(216): Illuminate\\Database\\Migrations\\Migrator->write()
#16 /home/bayutb123/Web/SchoolAdmin/vendor/laravel/framework/src/Illuminate/Database/Migrations/Migrator.php(181): Illuminate\\Database\\Migrations\\Migrator->runUp()
#17 /home/bayutb123/Web/SchoolAdmin/vendor/laravel/framework/src/Illuminate/Database/Migrations/Migrator.php(124): Illuminate\\Database\\Migrations\\Migrator->runPending()
#18 /home/bayutb123/Web/SchoolAdmin/vendor/laravel/framework/src/Illuminate/Database/Console/Migrations/MigrateCommand.php(90): Illuminate\\Database\\Migrations\\Migrator->run()
#19 /home/bayutb123/Web/SchoolAdmin/vendor/laravel/framework/src/Illuminate/Database/Migrations/Migrator.php(632): Illuminate\\Database\\Console\\Migrations\\MigrateCommand->Illuminate\\Database\\Console\\Migrations\\{closure}()
#20 /home/bayutb123/Web/SchoolAdmin/vendor/laravel/framework/src/Illuminate/Database/Console/Migrations/MigrateCommand.php(102): Illuminate\\Database\\Migrations\\Migrator->usingConnection()
#21 /home/bayutb123/Web/SchoolAdmin/vendor/laravel/framework/src/Illuminate/Container/BoundMethod.php(36): Illuminate\\Database\\Console\\Migrations\\MigrateCommand->handle()
#22 /home/bayutb123/Web/SchoolAdmin/vendor/laravel/framework/src/Illuminate/Container/Util.php(41): Illuminate\\Container\\BoundMethod::Illuminate\\Container\\{closure}()
#23 /home/bayutb123/Web/SchoolAdmin/vendor/laravel/framework/src/Illuminate/Container/BoundMethod.php(93): Illuminate\\Container\\Util::unwrapIfClosure()
#24 /home/bayutb123/Web/SchoolAdmin/vendor/laravel/framework/src/Illuminate/Container/BoundMethod.php(37): Illuminate\\Container\\BoundMethod::callBoundMethod()
#25 /home/bayutb123/Web/SchoolAdmin/vendor/laravel/framework/src/Illuminate/Container/Container.php(662): Illuminate\\Container\\BoundMethod::call()
#26 /home/bayutb123/Web/SchoolAdmin/vendor/laravel/framework/src/Illuminate/Console/Command.php(194): Illuminate\\Container\\Container->call()
#27 /home/bayutb123/Web/SchoolAdmin/vendor/symfony/console/Command/Command.php(312): Illuminate\\Console\\Command->execute()
#28 /home/bayutb123/Web/SchoolAdmin/vendor/laravel/framework/src/Illuminate/Console/Command.php(164): Symfony\\Component\\Console\\Command\\Command->run()
#29 /home/bayutb123/Web/SchoolAdmin/vendor/symfony/console/Application.php(1040): Illuminate\\Console\\Command->run()
#30 /home/bayutb123/Web/SchoolAdmin/vendor/symfony/console/Application.php(314): Symfony\\Component\\Console\\Application->doRunCommand()
#31 /home/bayutb123/Web/SchoolAdmin/vendor/symfony/console/Application.php(168): Symfony\\Component\\Console\\Application->doRun()
#32 /home/bayutb123/Web/SchoolAdmin/vendor/laravel/framework/src/Illuminate/Foundation/Console/Kernel.php(200): Symfony\\Component\\Console\\Application->run()
#33 /home/bayutb123/Web/SchoolAdmin/artisan(37): Illuminate\\Foundation\\Console\\Kernel->handle()
#34 {main}
"} 
[2023-11-08 15:28:40] local.ERROR: SQLSTATE[42S01]: Base table or view already exists: 1050 Table 'inventories' already exists (Connection: mysql, SQL: create table `inventories` (`id` bigint unsigned not null auto_increment primary key, `room_id` bigint unsigned not null, `category` varchar(255) not null, `name` varchar(255) not null, `description` varchar(255) not null, `quantity` int not null, `type` int not null, `status` int not null, `last_author_id` bigint unsigned not null, `created_at` timestamp null, `updated_at` timestamp null, `deleted_at` timestamp null) default character set utf8mb4 collate 'utf8mb4_unicode_ci') {"exception":"[object] (Illuminate\\Database\\QueryException(code: 42S01): SQLSTATE[42S01]: Base table or view already exists: 1050 Table 'inventories' already exists (Connection: mysql, SQL: create table `inventories` (`id` bigint unsigned not null auto_increment primary key, `room_id` bigint unsigned not null, `category` varchar(255) not null, `name` varchar(255) not null, `description` varchar(255) not null, `quantity` int not null, `type` int not null, `status` int not null, `last_author_id` bigint unsigned not null, `created_at` timestamp null, `updated_at` timestamp null, `deleted_at` timestamp null) default character set utf8mb4 collate 'utf8mb4_unicode_ci') at /home/bayutb123/Web/SchoolAdmin/vendor/laravel/framework/src/Illuminate/Database/Connection.php:793)
[stacktrace]
#0 /home/bayutb123/Web/SchoolAdmin/vendor/laravel/framework/src/Illuminate/Database/Connection.php(753): Illuminate\\Database\\Connection->runQueryCallback()
#1 /home/bayutb123/Web/SchoolAdmin/vendor/laravel/framework/src/Illuminate/Database/Connection.php(579): Illuminate\\Database\\Connection->run()
#2 /home/bayutb123/Web/SchoolAdmin/vendor/laravel/framework/src/Illuminate/Database/Schema/Blueprint.php(109): Illuminate\\Database\\Connection->statement()
#3 /home/bayutb123/Web/SchoolAdmin/vendor/laravel/framework/src/Illuminate/Database/Schema/Builder.php(439): Illuminate\\Database\\Schema\\Blueprint->build()
#4 /home/bayutb123/Web/SchoolAdmin/vendor/laravel/framework/src/Illuminate/Database/Schema/Builder.php(285): Illuminate\\Database\\Schema\\Builder->build()
#5 /home/bayutb123/Web/SchoolAdmin/vendor/laravel/framework/src/Illuminate/Support/Facades/Facade.php(353): Illuminate\\Database\\Schema\\Builder->create()
#6 /home/bayutb123/Web/SchoolAdmin/database/migrations/2023_11_08_152511_create_inventories_table.php(29): Illuminate\\Support\\Facades\\Facade::__callStatic()
#7 /home/bayutb123/Web/SchoolAdmin/vendor/laravel/framework/src/Illuminate/Database/Migrations/Migrator.php(492): Illuminate\\Database\\Migrations\\Migration@anonymous->up()
#8 /home/bayutb123/Web/SchoolAdmin/vendor/laravel/framework/src/Illuminate/Database/Migrations/Migrator.php(410): Illuminate\\Database\\Migrations\\Migrator->runMethod()
#9 /home/bayutb123/Web/SchoolAdmin/vendor/laravel/framework/src/Illuminate/Database/Migrations/Migrator.php(419): Illuminate\\Database\\Migrations\\Migrator->Illuminate\\Database\\Migrations\\{closure}()
#10 /home/bayutb123/Web/SchoolAdmin/vendor/laravel/framework/src/Illuminate/Database/Migrations/Migrator.php(216): Illuminate\\Database\\Migrations\\Migrator->runMigration()
#11 /home/bayutb123/Web/SchoolAdmin/vendor/laravel/framework/src/Illuminate/Console/View/Components/Task.php(37): Illuminate\\Database\\Migrations\\Migrator->Illuminate\\Database\\Migrations\\{closure}()
#12 /home/bayutb123/Web/SchoolAdmin/vendor/laravel/framework/src/Illuminate/Database/Migrations/Migrator.php(755): Illuminate\\Console\\View\\Components\\Task->render()
#13 /home/bayutb123/Web/SchoolAdmin/vendor/laravel/framework/src/Illuminate/Database/Migrations/Migrator.php(216): Illuminate\\Database\\Migrations\\Migrator->write()
#14 /home/bayutb123/Web/SchoolAdmin/vendor/laravel/framework/src/Illuminate/Database/Migrations/Migrator.php(181): Illuminate\\Database\\Migrations\\Migrator->runUp()
#15 /home/bayutb123/Web/SchoolAdmin/vendor/laravel/framework/src/Illuminate/Database/Migrations/Migrator.php(124): Illuminate\\Database\\Migrations\\Migrator->runPending()
#16 /home/bayutb123/Web/SchoolAdmin/vendor/laravel/framework/src/Illuminate/Database/Console/Migrations/MigrateCommand.php(90): Illuminate\\Database\\Migrations\\Migrator->run()
#17 /home/bayutb123/Web/SchoolAdmin/vendor/laravel/framework/src/Illuminate/Database/Migrations/Migrator.php(632): Illuminate\\Database\\Console\\Migrations\\MigrateCommand->Illuminate\\Database\\Console\\Migrations\\{closure}()
#18 /home/bayutb123/Web/SchoolAdmin/vendor/laravel/framework/src/Illuminate/Database/Console/Migrations/MigrateCommand.php(102): Illuminate\\Database\\Migrations\\Migrator->usingConnection()
#19 /home/bayutb123/Web/SchoolAdmin/vendor/laravel/framework/src/Illuminate/Container/BoundMethod.php(36): Illuminate\\Database\\Console\\Migrations\\MigrateCommand->handle()
#20 /home/bayutb123/Web/SchoolAdmin/vendor/laravel/framework/src/Illuminate/Container/Util.php(41): Illuminate\\Container\\BoundMethod::Illuminate\\Container\\{closure}()
#21 /home/bayutb123/Web/SchoolAdmin/vendor/laravel/framework/src/Illuminate/Container/BoundMethod.php(93): Illuminate\\Container\\Util::unwrapIfClosure()
#22 /home/bayutb123/Web/SchoolAdmin/vendor/laravel/framework/src/Illuminate/Container/BoundMethod.php(37): Illuminate\\Container\\BoundMethod::callBoundMethod()
#23 /home/bayutb123/Web/SchoolAdmin/vendor/laravel/framework/src/Illuminate/Container/Container.php(662): Illuminate\\Container\\BoundMethod::call()
#24 /home/bayutb123/Web/SchoolAdmin/vendor/laravel/framework/src/Illuminate/Console/Command.php(194): Illuminate\\Container\\Container->call()
#25 /home/bayutb123/Web/SchoolAdmin/vendor/symfony/console/Command/Command.php(312): Illuminate\\Console\\Command->execute()
#26 /home/bayutb123/Web/SchoolAdmin/vendor/laravel/framework/src/Illuminate/Console/Command.php(164): Symfony\\Component\\Console\\Command\\Command->run()
#27 /home/bayutb123/Web/SchoolAdmin/vendor/symfony/console/Application.php(1040): Illuminate\\Console\\Command->run()
#28 /home/bayutb123/Web/SchoolAdmin/vendor/symfony/console/Application.php(314): Symfony\\Component\\Console\\Application->doRunCommand()
#29 /home/bayutb123/Web/SchoolAdmin/vendor/symfony/console/Application.php(168): Symfony\\Component\\Console\\Application->doRun()
#30 /home/bayutb123/Web/SchoolAdmin/vendor/laravel/framework/src/Illuminate/Foundation/Console/Kernel.php(200): Symfony\\Component\\Console\\Application->run()
#31 /home/bayutb123/Web/SchoolAdmin/artisan(37): Illuminate\\Foundation\\Console\\Kernel->handle()
#32 {main}

[previous exception] [object] (PDOException(code: 42S01): SQLSTATE[42S01]: Base table or view already exists: 1050 Table 'inventories' already exists at /home/bayutb123/Web/SchoolAdmin/vendor/laravel/framework/src/Illuminate/Database/Connection.php:578)
[stacktrace]
#0 /home/bayutb123/Web/SchoolAdmin/vendor/laravel/framework/src/Illuminate/Database/Connection.php(578): PDOStatement->execute()
#1 /home/bayutb123/Web/SchoolAdmin/vendor/laravel/framework/src/Illuminate/Database/Connection.php(786): Illuminate\\Database\\Connection->Illuminate\\Database\\{closure}()
#2 /home/bayutb123/Web/SchoolAdmin/vendor/laravel/framework/src/Illuminate/Database/Connection.php(753): Illuminate\\Database\\Connection->runQueryCallback()
#3 /home/bayutb123/Web/SchoolAdmin/vendor/laravel/framework/src/Illuminate/Database/Connection.php(579): Illuminate\\Database\\Connection->run()
#4 /home/bayutb123/Web/SchoolAdmin/vendor/laravel/framework/src/Illuminate/Database/Schema/Blueprint.php(109): Illuminate\\Database\\Connection->statement()
#5 /home/bayutb123/Web/SchoolAdmin/vendor/laravel/framework/src/Illuminate/Database/Schema/Builder.php(439): Illuminate\\Database\\Schema\\Blueprint->build()
#6 /home/bayutb123/Web/SchoolAdmin/vendor/laravel/framework/src/Illuminate/Database/Schema/Builder.php(285): Illuminate\\Database\\Schema\\Builder->build()
#7 /home/bayutb123/Web/SchoolAdmin/vendor/laravel/framework/src/Illuminate/Support/Facades/Facade.php(353): Illuminate\\Database\\Schema\\Builder->create()
#8 /home/bayutb123/Web/SchoolAdmin/database/migrations/2023_11_08_152511_create_inventories_table.php(29): Illuminate\\Support\\Facades\\Facade::__callStatic()
#9 /home/bayutb123/Web/SchoolAdmin/vendor/laravel/framework/src/Illuminate/Database/Migrations/Migrator.php(492): Illuminate\\Database\\Migrations\\Migration@anonymous->up()
#10 /home/bayutb123/Web/SchoolAdmin/vendor/laravel/framework/src/Illuminate/Database/Migrations/Migrator.php(410): Illuminate\\Database\\Migrations\\Migrator->runMethod()
#11 /home/bayutb123/Web/SchoolAdmin/vendor/laravel/framework/src/Illuminate/Database/Migrations/Migrator.php(419): Illuminate\\Database\\Migrations\\Migrator->Illuminate\\Database\\Migrations\\{closure}()
#12 /home/bayutb123/Web/SchoolAdmin/vendor/laravel/framework/src/Illuminate/Database/Migrations/Migrator.php(216): Illuminate\\Database\\Migrations\\Migrator->runMigration()
#13 /home/bayutb123/Web/SchoolAdmin/vendor/laravel/framework/src/Illuminate/Console/View/Components/Task.php(37): Illuminate\\Database\\Migrations\\Migrator->Illuminate\\Database\\Migrations\\{closure}()
#14 /home/bayutb123/Web/SchoolAdmin/vendor/laravel/framework/src/Illuminate/Database/Migrations/Migrator.php(755): Illuminate\\Console\\View\\Components\\Task->render()
#15 /home/bayutb123/Web/SchoolAdmin/vendor/laravel/framework/src/Illuminate/Database/Migrations/Migrator.php(216): Illuminate\\Database\\Migrations\\Migrator->write()
#16 /home/bayutb123/Web/SchoolAdmin/vendor/laravel/framework/src/Illuminate/Database/Migrations/Migrator.php(181): Illuminate\\Database\\Migrations\\Migrator->runUp()
#17 /home/bayutb123/Web/SchoolAdmin/vendor/laravel/framework/src/Illuminate/Database/Migrations/Migrator.php(124): Illuminate\\Database\\Migrations\\Migrator->runPending()
#18 /home/bayutb123/Web/SchoolAdmin/vendor/laravel/framework/src/Illuminate/Database/Console/Migrations/MigrateCommand.php(90): Illuminate\\Database\\Migrations\\Migrator->run()
#19 /home/bayutb123/Web/SchoolAdmin/vendor/laravel/framework/src/Illuminate/Database/Migrations/Migrator.php(632): Illuminate\\Database\\Console\\Migrations\\MigrateCommand->Illuminate\\Database\\Console\\Migrations\\{closure}()
#20 /home/bayutb123/Web/SchoolAdmin/vendor/laravel/framework/src/Illuminate/Database/Console/Migrations/MigrateCommand.php(102): Illuminate\\Database\\Migrations\\Migrator->usingConnection()
#21 /home/bayutb123/Web/SchoolAdmin/vendor/laravel/framework/src/Illuminate/Container/BoundMethod.php(36): Illuminate\\Database\\Console\\Migrations\\MigrateCommand->handle()
#22 /home/bayutb123/Web/SchoolAdmin/vendor/laravel/framework/src/Illuminate/Container/Util.php(41): Illuminate\\Container\\BoundMethod::Illuminate\\Container\\{closure}()
#23 /home/bayutb123/Web/SchoolAdmin/vendor/laravel/framework/src/Illuminate/Container/BoundMethod.php(93): Illuminate\\Container\\Util::unwrapIfClosure()
#24 /home/bayutb123/Web/SchoolAdmin/vendor/laravel/framework/src/Illuminate/Container/BoundMethod.php(37): Illuminate\\Container\\BoundMethod::callBoundMethod()
#25 /home/bayutb123/Web/SchoolAdmin/vendor/laravel/framework/src/Illuminate/Container/Container.php(662): Illuminate\\Container\\BoundMethod::call()
#26 /home/bayutb123/Web/SchoolAdmin/vendor/laravel/framework/src/Illuminate/Console/Command.php(194): Illuminate\\Container\\Container->call()
#27 /home/bayutb123/Web/SchoolAdmin/vendor/symfony/console/Command/Command.php(312): Illuminate\\Console\\Command->execute()
#28 /home/bayutb123/Web/SchoolAdmin/vendor/laravel/framework/src/Illuminate/Console/Command.php(164): Symfony\\Component\\Console\\Command\\Command->run()
#29 /home/bayutb123/Web/SchoolAdmin/vendor/symfony/console/Application.php(1040): Illuminate\\Console\\Command->run()
#30 /home/bayutb123/Web/SchoolAdmin/vendor/symfony/console/Application.php(314): Symfony\\Component\\Console\\Application->doRunCommand()
#31 /home/bayutb123/Web/SchoolAdmin/vendor/symfony/console/Application.php(168): Symfony\\Component\\Console\\Application->doRun()
#32 /home/bayutb123/Web/SchoolAdmin/vendor/laravel/framework/src/Illuminate/Foundation/Console/Kernel.php(200): Symfony\\Component\\Console\\Application->run()
#33 /home/bayutb123/Web/SchoolAdmin/artisan(37): Illuminate\\Foundation\\Console\\Kernel->handle()
#34 {main}
"} 
[2023-11-08 15:29:06] local.ERROR: The "--step:1" option does not exist. {"exception":"[object] (Symfony\\Component\\Console\\Exception\\RuntimeException(code: 0): The \"--step:1\" option does not exist. at /home/bayutb123/Web/SchoolAdmin/vendor/symfony/console/Input/ArgvInput.php:217)
[stacktrace]
#0 /home/bayutb123/Web/SchoolAdmin/vendor/symfony/console/Input/ArgvInput.php(146): Symfony\\Component\\Console\\Input\\ArgvInput->addLongOption()
#1 /home/bayutb123/Web/SchoolAdmin/vendor/symfony/console/Input/ArgvInput.php(79): Symfony\\Component\\Console\\Input\\ArgvInput->parseLongOption()
#2 /home/bayutb123/Web/SchoolAdmin/vendor/symfony/console/Input/ArgvInput.php(68): Symfony\\Component\\Console\\Input\\ArgvInput->parseToken()
#3 /home/bayutb123/Web/SchoolAdmin/vendor/symfony/console/Input/Input.php(52): Symfony\\Component\\Console\\Input\\ArgvInput->parse()
#4 /home/bayutb123/Web/SchoolAdmin/vendor/symfony/console/Command/Command.php(271): Symfony\\Component\\Console\\Input\\Input->bind()
#5 /home/bayutb123/Web/SchoolAdmin/vendor/laravel/framework/src/Illuminate/Console/Command.php(164): Symfony\\Component\\Console\\Command\\Command->run()
#6 /home/bayutb123/Web/SchoolAdmin/vendor/symfony/console/Application.php(1040): Illuminate\\Console\\Command->run()
#7 /home/bayutb123/Web/SchoolAdmin/vendor/symfony/console/Application.php(314): Symfony\\Component\\Console\\Application->doRunCommand()
#8 /home/bayutb123/Web/SchoolAdmin/vendor/symfony/console/Application.php(168): Symfony\\Component\\Console\\Application->doRun()
#9 /home/bayutb123/Web/SchoolAdmin/vendor/laravel/framework/src/Illuminate/Foundation/Console/Kernel.php(200): Symfony\\Component\\Console\\Application->run()
#10 /home/bayutb123/Web/SchoolAdmin/artisan(37): Illuminate\\Foundation\\Console\\Kernel->handle()
#11 {main}
"} 
[2023-11-08 15:29:16] local.ERROR: SQLSTATE[42S01]: Base table or view already exists: 1050 Table 'inventories' already exists (Connection: mysql, SQL: create table `inventories` (`id` bigint unsigned not null auto_increment primary key, `room_id` bigint unsigned not null, `category` varchar(255) not null, `name` varchar(255) not null, `description` varchar(255) not null, `quantity` int not null, `type` int not null, `status` int not null, `last_author_id` bigint unsigned not null, `created_at` timestamp null, `updated_at` timestamp null, `deleted_at` timestamp null) default character set utf8mb4 collate 'utf8mb4_unicode_ci') {"exception":"[object] (Illuminate\\Database\\QueryException(code: 42S01): SQLSTATE[42S01]: Base table or view already exists: 1050 Table 'inventories' already exists (Connection: mysql, SQL: create table `inventories` (`id` bigint unsigned not null auto_increment primary key, `room_id` bigint unsigned not null, `category` varchar(255) not null, `name` varchar(255) not null, `description` varchar(255) not null, `quantity` int not null, `type` int not null, `status` int not null, `last_author_id` bigint unsigned not null, `created_at` timestamp null, `updated_at` timestamp null, `deleted_at` timestamp null) default character set utf8mb4 collate 'utf8mb4_unicode_ci') at /home/bayutb123/Web/SchoolAdmin/vendor/laravel/framework/src/Illuminate/Database/Connection.php:793)
[stacktrace]
#0 /home/bayutb123/Web/SchoolAdmin/vendor/laravel/framework/src/Illuminate/Database/Connection.php(753): Illuminate\\Database\\Connection->runQueryCallback()
#1 /home/bayutb123/Web/SchoolAdmin/vendor/laravel/framework/src/Illuminate/Database/Connection.php(579): Illuminate\\Database\\Connection->run()
#2 /home/bayutb123/Web/SchoolAdmin/vendor/laravel/framework/src/Illuminate/Database/Schema/Blueprint.php(109): Illuminate\\Database\\Connection->statement()
#3 /home/bayutb123/Web/SchoolAdmin/vendor/laravel/framework/src/Illuminate/Database/Schema/Builder.php(439): Illuminate\\Database\\Schema\\Blueprint->build()
#4 /home/bayutb123/Web/SchoolAdmin/vendor/laravel/framework/src/Illuminate/Database/Schema/Builder.php(285): Illuminate\\Database\\Schema\\Builder->build()
#5 /home/bayutb123/Web/SchoolAdmin/vendor/laravel/framework/src/Illuminate/Support/Facades/Facade.php(353): Illuminate\\Database\\Schema\\Builder->create()
#6 /home/bayutb123/Web/SchoolAdmin/database/migrations/2023_11_08_152511_create_inventories_table.php(29): Illuminate\\Support\\Facades\\Facade::__callStatic()
#7 /home/bayutb123/Web/SchoolAdmin/vendor/laravel/framework/src/Illuminate/Database/Migrations/Migrator.php(492): Illuminate\\Database\\Migrations\\Migration@anonymous->up()
#8 /home/bayutb123/Web/SchoolAdmin/vendor/laravel/framework/src/Illuminate/Database/Migrations/Migrator.php(410): Illuminate\\Database\\Migrations\\Migrator->runMethod()
#9 /home/bayutb123/Web/SchoolAdmin/vendor/laravel/framework/src/Illuminate/Database/Migrations/Migrator.php(419): Illuminate\\Database\\Migrations\\Migrator->Illuminate\\Database\\Migrations\\{closure}()
#10 /home/bayutb123/Web/SchoolAdmin/vendor/laravel/framework/src/Illuminate/Database/Migrations/Migrator.php(216): Illuminate\\Database\\Migrations\\Migrator->runMigration()
#11 /home/bayutb123/Web/SchoolAdmin/vendor/laravel/framework/src/Illuminate/Console/View/Components/Task.php(37): Illuminate\\Database\\Migrations\\Migrator->Illuminate\\Database\\Migrations\\{closure}()
#12 /home/bayutb123/Web/SchoolAdmin/vendor/laravel/framework/src/Illuminate/Database/Migrations/Migrator.php(755): Illuminate\\Console\\View\\Components\\Task->render()
#13 /home/bayutb123/Web/SchoolAdmin/vendor/laravel/framework/src/Illuminate/Database/Migrations/Migrator.php(216): Illuminate\\Database\\Migrations\\Migrator->write()
#14 /home/bayutb123/Web/SchoolAdmin/vendor/laravel/framework/src/Illuminate/Database/Migrations/Migrator.php(181): Illuminate\\Database\\Migrations\\Migrator->runUp()
#15 /home/bayutb123/Web/SchoolAdmin/vendor/laravel/framework/src/Illuminate/Database/Migrations/Migrator.php(124): Illuminate\\Database\\Migrations\\Migrator->runPending()
#16 /home/bayutb123/Web/SchoolAdmin/vendor/laravel/framework/src/Illuminate/Database/Console/Migrations/MigrateCommand.php(90): Illuminate\\Database\\Migrations\\Migrator->run()
#17 /home/bayutb123/Web/SchoolAdmin/vendor/laravel/framework/src/Illuminate/Database/Migrations/Migrator.php(632): Illuminate\\Database\\Console\\Migrations\\MigrateCommand->Illuminate\\Database\\Console\\Migrations\\{closure}()
#18 /home/bayutb123/Web/SchoolAdmin/vendor/laravel/framework/src/Illuminate/Database/Console/Migrations/MigrateCommand.php(102): Illuminate\\Database\\Migrations\\Migrator->usingConnection()
#19 /home/bayutb123/Web/SchoolAdmin/vendor/laravel/framework/src/Illuminate/Container/BoundMethod.php(36): Illuminate\\Database\\Console\\Migrations\\MigrateCommand->handle()
#20 /home/bayutb123/Web/SchoolAdmin/vendor/laravel/framework/src/Illuminate/Container/Util.php(41): Illuminate\\Container\\BoundMethod::Illuminate\\Container\\{closure}()
#21 /home/bayutb123/Web/SchoolAdmin/vendor/laravel/framework/src/Illuminate/Container/BoundMethod.php(93): Illuminate\\Container\\Util::unwrapIfClosure()
#22 /home/bayutb123/Web/SchoolAdmin/vendor/laravel/framework/src/Illuminate/Container/BoundMethod.php(37): Illuminate\\Container\\BoundMethod::callBoundMethod()
#23 /home/bayutb123/Web/SchoolAdmin/vendor/laravel/framework/src/Illuminate/Container/Container.php(662): Illuminate\\Container\\BoundMethod::call()
#24 /home/bayutb123/Web/SchoolAdmin/vendor/laravel/framework/src/Illuminate/Console/Command.php(194): Illuminate\\Container\\Container->call()
#25 /home/bayutb123/Web/SchoolAdmin/vendor/symfony/console/Command/Command.php(312): Illuminate\\Console\\Command->execute()
#26 /home/bayutb123/Web/SchoolAdmin/vendor/laravel/framework/src/Illuminate/Console/Command.php(164): Symfony\\Component\\Console\\Command\\Command->run()
#27 /home/bayutb123/Web/SchoolAdmin/vendor/symfony/console/Application.php(1040): Illuminate\\Console\\Command->run()
#28 /home/bayutb123/Web/SchoolAdmin/vendor/symfony/console/Application.php(314): Symfony\\Component\\Console\\Application->doRunCommand()
#29 /home/bayutb123/Web/SchoolAdmin/vendor/symfony/console/Application.php(168): Symfony\\Component\\Console\\Application->doRun()
#30 /home/bayutb123/Web/SchoolAdmin/vendor/laravel/framework/src/Illuminate/Foundation/Console/Kernel.php(200): Symfony\\Component\\Console\\Application->run()
#31 /home/bayutb123/Web/SchoolAdmin/artisan(37): Illuminate\\Foundation\\Console\\Kernel->handle()
#32 {main}

[previous exception] [object] (PDOException(code: 42S01): SQLSTATE[42S01]: Base table or view already exists: 1050 Table 'inventories' already exists at /home/bayutb123/Web/SchoolAdmin/vendor/laravel/framework/src/Illuminate/Database/Connection.php:578)
[stacktrace]
#0 /home/bayutb123/Web/SchoolAdmin/vendor/laravel/framework/src/Illuminate/Database/Connection.php(578): PDOStatement->execute()
#1 /home/bayutb123/Web/SchoolAdmin/vendor/laravel/framework/src/Illuminate/Database/Connection.php(786): Illuminate\\Database\\Connection->Illuminate\\Database\\{closure}()
#2 /home/bayutb123/Web/SchoolAdmin/vendor/laravel/framework/src/Illuminate/Database/Connection.php(753): Illuminate\\Database\\Connection->runQueryCallback()
#3 /home/bayutb123/Web/SchoolAdmin/vendor/laravel/framework/src/Illuminate/Database/Connection.php(579): Illuminate\\Database\\Connection->run()
#4 /home/bayutb123/Web/SchoolAdmin/vendor/laravel/framework/src/Illuminate/Database/Schema/Blueprint.php(109): Illuminate\\Database\\Connection->statement()
#5 /home/bayutb123/Web/SchoolAdmin/vendor/laravel/framework/src/Illuminate/Database/Schema/Builder.php(439): Illuminate\\Database\\Schema\\Blueprint->build()
#6 /home/bayutb123/Web/SchoolAdmin/vendor/laravel/framework/src/Illuminate/Database/Schema/Builder.php(285): Illuminate\\Database\\Schema\\Builder->build()
#7 /home/bayutb123/Web/SchoolAdmin/vendor/laravel/framework/src/Illuminate/Support/Facades/Facade.php(353): Illuminate\\Database\\Schema\\Builder->create()
#8 /home/bayutb123/Web/SchoolAdmin/database/migrations/2023_11_08_152511_create_inventories_table.php(29): Illuminate\\Support\\Facades\\Facade::__callStatic()
#9 /home/bayutb123/Web/SchoolAdmin/vendor/laravel/framework/src/Illuminate/Database/Migrations/Migrator.php(492): Illuminate\\Database\\Migrations\\Migration@anonymous->up()
#10 /home/bayutb123/Web/SchoolAdmin/vendor/laravel/framework/src/Illuminate/Database/Migrations/Migrator.php(410): Illuminate\\Database\\Migrations\\Migrator->runMethod()
#11 /home/bayutb123/Web/SchoolAdmin/vendor/laravel/framework/src/Illuminate/Database/Migrations/Migrator.php(419): Illuminate\\Database\\Migrations\\Migrator->Illuminate\\Database\\Migrations\\{closure}()
#12 /home/bayutb123/Web/SchoolAdmin/vendor/laravel/framework/src/Illuminate/Database/Migrations/Migrator.php(216): Illuminate\\Database\\Migrations\\Migrator->runMigration()
#13 /home/bayutb123/Web/SchoolAdmin/vendor/laravel/framework/src/Illuminate/Console/View/Components/Task.php(37): Illuminate\\Database\\Migrations\\Migrator->Illuminate\\Database\\Migrations\\{closure}()
#14 /home/bayutb123/Web/SchoolAdmin/vendor/laravel/framework/src/Illuminate/Database/Migrations/Migrator.php(755): Illuminate\\Console\\View\\Components\\Task->render()
#15 /home/bayutb123/Web/SchoolAdmin/vendor/laravel/framework/src/Illuminate/Database/Migrations/Migrator.php(216): Illuminate\\Database\\Migrations\\Migrator->write()
#16 /home/bayutb123/Web/SchoolAdmin/vendor/laravel/framework/src/Illuminate/Database/Migrations/Migrator.php(181): Illuminate\\Database\\Migrations\\Migrator->runUp()
#17 /home/bayutb123/Web/SchoolAdmin/vendor/laravel/framework/src/Illuminate/Database/Migrations/Migrator.php(124): Illuminate\\Database\\Migrations\\Migrator->runPending()
#18 /home/bayutb123/Web/SchoolAdmin/vendor/laravel/framework/src/Illuminate/Database/Console/Migrations/MigrateCommand.php(90): Illuminate\\Database\\Migrations\\Migrator->run()
#19 /home/bayutb123/Web/SchoolAdmin/vendor/laravel/framework/src/Illuminate/Database/Migrations/Migrator.php(632): Illuminate\\Database\\Console\\Migrations\\MigrateCommand->Illuminate\\Database\\Console\\Migrations\\{closure}()
#20 /home/bayutb123/Web/SchoolAdmin/vendor/laravel/framework/src/Illuminate/Database/Console/Migrations/MigrateCommand.php(102): Illuminate\\Database\\Migrations\\Migrator->usingConnection()
#21 /home/bayutb123/Web/SchoolAdmin/vendor/laravel/framework/src/Illuminate/Container/BoundMethod.php(36): Illuminate\\Database\\Console\\Migrations\\MigrateCommand->handle()
#22 /home/bayutb123/Web/SchoolAdmin/vendor/laravel/framework/src/Illuminate/Container/Util.php(41): Illuminate\\Container\\BoundMethod::Illuminate\\Container\\{closure}()
#23 /home/bayutb123/Web/SchoolAdmin/vendor/laravel/framework/src/Illuminate/Container/BoundMethod.php(93): Illuminate\\Container\\Util::unwrapIfClosure()
#24 /home/bayutb123/Web/SchoolAdmin/vendor/laravel/framework/src/Illuminate/Container/BoundMethod.php(37): Illuminate\\Container\\BoundMethod::callBoundMethod()
#25 /home/bayutb123/Web/SchoolAdmin/vendor/laravel/framework/src/Illuminate/Container/Container.php(662): Illuminate\\Container\\BoundMethod::call()
#26 /home/bayutb123/Web/SchoolAdmin/vendor/laravel/framework/src/Illuminate/Console/Command.php(194): Illuminate\\Container\\Container->call()
#27 /home/bayutb123/Web/SchoolAdmin/vendor/symfony/console/Command/Command.php(312): Illuminate\\Console\\Command->execute()
#28 /home/bayutb123/Web/SchoolAdmin/vendor/laravel/framework/src/Illuminate/Console/Command.php(164): Symfony\\Component\\Console\\Command\\Command->run()
#29 /home/bayutb123/Web/SchoolAdmin/vendor/symfony/console/Application.php(1040): Illuminate\\Console\\Command->run()
#30 /home/bayutb123/Web/SchoolAdmin/vendor/symfony/console/Application.php(314): Symfony\\Component\\Console\\Application->doRunCommand()
#31 /home/bayutb123/Web/SchoolAdmin/vendor/symfony/console/Application.php(168): Symfony\\Component\\Console\\Application->doRun()
#32 /home/bayutb123/Web/SchoolAdmin/vendor/laravel/framework/src/Illuminate/Foundation/Console/Kernel.php(200): Symfony\\Component\\Console\\Application->run()
#33 /home/bayutb123/Web/SchoolAdmin/artisan(37): Illuminate\\Foundation\\Console\\Kernel->handle()
#34 {main}
"} 
[2023-11-08 15:29:29] local.ERROR: SQLSTATE[42S01]: Base table or view already exists: 1050 Table 'inventories' already exists (Connection: mysql, SQL: create table `inventories` (`id` bigint unsigned not null auto_increment primary key, `room_id` bigint unsigned not null, `category` varchar(255) not null, `name` varchar(255) not null, `description` varchar(255) not null, `quantity` int not null, `type` int not null, `status` int not null, `last_author_id` bigint unsigned not null, `created_at` timestamp null, `updated_at` timestamp null, `deleted_at` timestamp null) default character set utf8mb4 collate 'utf8mb4_unicode_ci') {"exception":"[object] (Illuminate\\Database\\QueryException(code: 42S01): SQLSTATE[42S01]: Base table or view already exists: 1050 Table 'inventories' already exists (Connection: mysql, SQL: create table `inventories` (`id` bigint unsigned not null auto_increment primary key, `room_id` bigint unsigned not null, `category` varchar(255) not null, `name` varchar(255) not null, `description` varchar(255) not null, `quantity` int not null, `type` int not null, `status` int not null, `last_author_id` bigint unsigned not null, `created_at` timestamp null, `updated_at` timestamp null, `deleted_at` timestamp null) default character set utf8mb4 collate 'utf8mb4_unicode_ci') at /home/bayutb123/Web/SchoolAdmin/vendor/laravel/framework/src/Illuminate/Database/Connection.php:793)
[stacktrace]
#0 /home/bayutb123/Web/SchoolAdmin/vendor/laravel/framework/src/Illuminate/Database/Connection.php(753): Illuminate\\Database\\Connection->runQueryCallback()
#1 /home/bayutb123/Web/SchoolAdmin/vendor/laravel/framework/src/Illuminate/Database/Connection.php(579): Illuminate\\Database\\Connection->run()
#2 /home/bayutb123/Web/SchoolAdmin/vendor/laravel/framework/src/Illuminate/Database/Schema/Blueprint.php(109): Illuminate\\Database\\Connection->statement()
#3 /home/bayutb123/Web/SchoolAdmin/vendor/laravel/framework/src/Illuminate/Database/Schema/Builder.php(439): Illuminate\\Database\\Schema\\Blueprint->build()
#4 /home/bayutb123/Web/SchoolAdmin/vendor/laravel/framework/src/Illuminate/Database/Schema/Builder.php(285): Illuminate\\Database\\Schema\\Builder->build()
#5 /home/bayutb123/Web/SchoolAdmin/vendor/laravel/framework/src/Illuminate/Support/Facades/Facade.php(353): Illuminate\\Database\\Schema\\Builder->create()
#6 /home/bayutb123/Web/SchoolAdmin/database/migrations/2023_11_08_152511_create_inventories_table.php(29): Illuminate\\Support\\Facades\\Facade::__callStatic()
#7 /home/bayutb123/Web/SchoolAdmin/vendor/laravel/framework/src/Illuminate/Database/Migrations/Migrator.php(492): Illuminate\\Database\\Migrations\\Migration@anonymous->up()
#8 /home/bayutb123/Web/SchoolAdmin/vendor/laravel/framework/src/Illuminate/Database/Migrations/Migrator.php(410): Illuminate\\Database\\Migrations\\Migrator->runMethod()
#9 /home/bayutb123/Web/SchoolAdmin/vendor/laravel/framework/src/Illuminate/Database/Migrations/Migrator.php(419): Illuminate\\Database\\Migrations\\Migrator->Illuminate\\Database\\Migrations\\{closure}()
#10 /home/bayutb123/Web/SchoolAdmin/vendor/laravel/framework/src/Illuminate/Database/Migrations/Migrator.php(216): Illuminate\\Database\\Migrations\\Migrator->runMigration()
#11 /home/bayutb123/Web/SchoolAdmin/vendor/laravel/framework/src/Illuminate/Console/View/Components/Task.php(37): Illuminate\\Database\\Migrations\\Migrator->Illuminate\\Database\\Migrations\\{closure}()
#12 /home/bayutb123/Web/SchoolAdmin/vendor/laravel/framework/src/Illuminate/Database/Migrations/Migrator.php(755): Illuminate\\Console\\View\\Components\\Task->render()
#13 /home/bayutb123/Web/SchoolAdmin/vendor/laravel/framework/src/Illuminate/Database/Migrations/Migrator.php(216): Illuminate\\Database\\Migrations\\Migrator->write()
#14 /home/bayutb123/Web/SchoolAdmin/vendor/laravel/framework/src/Illuminate/Database/Migrations/Migrator.php(181): Illuminate\\Database\\Migrations\\Migrator->runUp()
#15 /home/bayutb123/Web/SchoolAdmin/vendor/laravel/framework/src/Illuminate/Database/Migrations/Migrator.php(124): Illuminate\\Database\\Migrations\\Migrator->runPending()
#16 /home/bayutb123/Web/SchoolAdmin/vendor/laravel/framework/src/Illuminate/Database/Console/Migrations/MigrateCommand.php(90): Illuminate\\Database\\Migrations\\Migrator->run()
#17 /home/bayutb123/Web/SchoolAdmin/vendor/laravel/framework/src/Illuminate/Database/Migrations/Migrator.php(632): Illuminate\\Database\\Console\\Migrations\\MigrateCommand->Illuminate\\Database\\Console\\Migrations\\{closure}()
#18 /home/bayutb123/Web/SchoolAdmin/vendor/laravel/framework/src/Illuminate/Database/Console/Migrations/MigrateCommand.php(102): Illuminate\\Database\\Migrations\\Migrator->usingConnection()
#19 /home/bayutb123/Web/SchoolAdmin/vendor/laravel/framework/src/Illuminate/Container/BoundMethod.php(36): Illuminate\\Database\\Console\\Migrations\\MigrateCommand->handle()
#20 /home/bayutb123/Web/SchoolAdmin/vendor/laravel/framework/src/Illuminate/Container/Util.php(41): Illuminate\\Container\\BoundMethod::Illuminate\\Container\\{closure}()
#21 /home/bayutb123/Web/SchoolAdmin/vendor/laravel/framework/src/Illuminate/Container/BoundMethod.php(93): Illuminate\\Container\\Util::unwrapIfClosure()
#22 /home/bayutb123/Web/SchoolAdmin/vendor/laravel/framework/src/Illuminate/Container/BoundMethod.php(37): Illuminate\\Container\\BoundMethod::callBoundMethod()
#23 /home/bayutb123/Web/SchoolAdmin/vendor/laravel/framework/src/Illuminate/Container/Container.php(662): Illuminate\\Container\\BoundMethod::call()
#24 /home/bayutb123/Web/SchoolAdmin/vendor/laravel/framework/src/Illuminate/Console/Command.php(194): Illuminate\\Container\\Container->call()
#25 /home/bayutb123/Web/SchoolAdmin/vendor/symfony/console/Command/Command.php(312): Illuminate\\Console\\Command->execute()
#26 /home/bayutb123/Web/SchoolAdmin/vendor/laravel/framework/src/Illuminate/Console/Command.php(164): Symfony\\Component\\Console\\Command\\Command->run()
#27 /home/bayutb123/Web/SchoolAdmin/vendor/symfony/console/Application.php(1040): Illuminate\\Console\\Command->run()
#28 /home/bayutb123/Web/SchoolAdmin/vendor/symfony/console/Application.php(314): Symfony\\Component\\Console\\Application->doRunCommand()
#29 /home/bayutb123/Web/SchoolAdmin/vendor/symfony/console/Application.php(168): Symfony\\Component\\Console\\Application->doRun()
#30 /home/bayutb123/Web/SchoolAdmin/vendor/laravel/framework/src/Illuminate/Foundation/Console/Kernel.php(200): Symfony\\Component\\Console\\Application->run()
#31 /home/bayutb123/Web/SchoolAdmin/artisan(37): Illuminate\\Foundation\\Console\\Kernel->handle()
#32 {main}

[previous exception] [object] (PDOException(code: 42S01): SQLSTATE[42S01]: Base table or view already exists: 1050 Table 'inventories' already exists at /home/bayutb123/Web/SchoolAdmin/vendor/laravel/framework/src/Illuminate/Database/Connection.php:578)
[stacktrace]
#0 /home/bayutb123/Web/SchoolAdmin/vendor/laravel/framework/src/Illuminate/Database/Connection.php(578): PDOStatement->execute()
#1 /home/bayutb123/Web/SchoolAdmin/vendor/laravel/framework/src/Illuminate/Database/Connection.php(786): Illuminate\\Database\\Connection->Illuminate\\Database\\{closure}()
#2 /home/bayutb123/Web/SchoolAdmin/vendor/laravel/framework/src/Illuminate/Database/Connection.php(753): Illuminate\\Database\\Connection->runQueryCallback()
#3 /home/bayutb123/Web/SchoolAdmin/vendor/laravel/framework/src/Illuminate/Database/Connection.php(579): Illuminate\\Database\\Connection->run()
#4 /home/bayutb123/Web/SchoolAdmin/vendor/laravel/framework/src/Illuminate/Database/Schema/Blueprint.php(109): Illuminate\\Database\\Connection->statement()
#5 /home/bayutb123/Web/SchoolAdmin/vendor/laravel/framework/src/Illuminate/Database/Schema/Builder.php(439): Illuminate\\Database\\Schema\\Blueprint->build()
#6 /home/bayutb123/Web/SchoolAdmin/vendor/laravel/framework/src/Illuminate/Database/Schema/Builder.php(285): Illuminate\\Database\\Schema\\Builder->build()
#7 /home/bayutb123/Web/SchoolAdmin/vendor/laravel/framework/src/Illuminate/Support/Facades/Facade.php(353): Illuminate\\Database\\Schema\\Builder->create()
#8 /home/bayutb123/Web/SchoolAdmin/database/migrations/2023_11_08_152511_create_inventories_table.php(29): Illuminate\\Support\\Facades\\Facade::__callStatic()
#9 /home/bayutb123/Web/SchoolAdmin/vendor/laravel/framework/src/Illuminate/Database/Migrations/Migrator.php(492): Illuminate\\Database\\Migrations\\Migration@anonymous->up()
#10 /home/bayutb123/Web/SchoolAdmin/vendor/laravel/framework/src/Illuminate/Database/Migrations/Migrator.php(410): Illuminate\\Database\\Migrations\\Migrator->runMethod()
#11 /home/bayutb123/Web/SchoolAdmin/vendor/laravel/framework/src/Illuminate/Database/Migrations/Migrator.php(419): Illuminate\\Database\\Migrations\\Migrator->Illuminate\\Database\\Migrations\\{closure}()
#12 /home/bayutb123/Web/SchoolAdmin/vendor/laravel/framework/src/Illuminate/Database/Migrations/Migrator.php(216): Illuminate\\Database\\Migrations\\Migrator->runMigration()
#13 /home/bayutb123/Web/SchoolAdmin/vendor/laravel/framework/src/Illuminate/Console/View/Components/Task.php(37): Illuminate\\Database\\Migrations\\Migrator->Illuminate\\Database\\Migrations\\{closure}()
#14 /home/bayutb123/Web/SchoolAdmin/vendor/laravel/framework/src/Illuminate/Database/Migrations/Migrator.php(755): Illuminate\\Console\\View\\Components\\Task->render()
#15 /home/bayutb123/Web/SchoolAdmin/vendor/laravel/framework/src/Illuminate/Database/Migrations/Migrator.php(216): Illuminate\\Database\\Migrations\\Migrator->write()
#16 /home/bayutb123/Web/SchoolAdmin/vendor/laravel/framework/src/Illuminate/Database/Migrations/Migrator.php(181): Illuminate\\Database\\Migrations\\Migrator->runUp()
#17 /home/bayutb123/Web/SchoolAdmin/vendor/laravel/framework/src/Illuminate/Database/Migrations/Migrator.php(124): Illuminate\\Database\\Migrations\\Migrator->runPending()
#18 /home/bayutb123/Web/SchoolAdmin/vendor/laravel/framework/src/Illuminate/Database/Console/Migrations/MigrateCommand.php(90): Illuminate\\Database\\Migrations\\Migrator->run()
#19 /home/bayutb123/Web/SchoolAdmin/vendor/laravel/framework/src/Illuminate/Database/Migrations/Migrator.php(632): Illuminate\\Database\\Console\\Migrations\\MigrateCommand->Illuminate\\Database\\Console\\Migrations\\{closure}()
#20 /home/bayutb123/Web/SchoolAdmin/vendor/laravel/framework/src/Illuminate/Database/Console/Migrations/MigrateCommand.php(102): Illuminate\\Database\\Migrations\\Migrator->usingConnection()
#21 /home/bayutb123/Web/SchoolAdmin/vendor/laravel/framework/src/Illuminate/Container/BoundMethod.php(36): Illuminate\\Database\\Console\\Migrations\\MigrateCommand->handle()
#22 /home/bayutb123/Web/SchoolAdmin/vendor/laravel/framework/src/Illuminate/Container/Util.php(41): Illuminate\\Container\\BoundMethod::Illuminate\\Container\\{closure}()
#23 /home/bayutb123/Web/SchoolAdmin/vendor/laravel/framework/src/Illuminate/Container/BoundMethod.php(93): Illuminate\\Container\\Util::unwrapIfClosure()
#24 /home/bayutb123/Web/SchoolAdmin/vendor/laravel/framework/src/Illuminate/Container/BoundMethod.php(37): Illuminate\\Container\\BoundMethod::callBoundMethod()
#25 /home/bayutb123/Web/SchoolAdmin/vendor/laravel/framework/src/Illuminate/Container/Container.php(662): Illuminate\\Container\\BoundMethod::call()
#26 /home/bayutb123/Web/SchoolAdmin/vendor/laravel/framework/src/Illuminate/Console/Command.php(194): Illuminate\\Container\\Container->call()
#27 /home/bayutb123/Web/SchoolAdmin/vendor/symfony/console/Command/Command.php(312): Illuminate\\Console\\Command->execute()
#28 /home/bayutb123/Web/SchoolAdmin/vendor/laravel/framework/src/Illuminate/Console/Command.php(164): Symfony\\Component\\Console\\Command\\Command->run()
#29 /home/bayutb123/Web/SchoolAdmin/vendor/symfony/console/Application.php(1040): Illuminate\\Console\\Command->run()
#30 /home/bayutb123/Web/SchoolAdmin/vendor/symfony/console/Application.php(314): Symfony\\Component\\Console\\Application->doRunCommand()
#31 /home/bayutb123/Web/SchoolAdmin/vendor/symfony/console/Application.php(168): Symfony\\Component\\Console\\Application->doRun()
#32 /home/bayutb123/Web/SchoolAdmin/vendor/laravel/framework/src/Illuminate/Foundation/Console/Kernel.php(200): Symfony\\Component\\Console\\Application->run()
#33 /home/bayutb123/Web/SchoolAdmin/artisan(37): Illuminate\\Foundation\\Console\\Kernel->handle()
#34 {main}
"} 
[2023-11-08 15:34:39] local.ERROR: Object of class DateTime could not be converted to string {"exception":"[object] (Error(code: 0): Object of class DateTime could not be converted to string at /home/bayutb123/Web/SchoolAdmin/vendor/laravel/framework/src/Illuminate/Database/Schema/Grammars/Grammar.php:314)
[stacktrace]
#0 /home/bayutb123/Web/SchoolAdmin/vendor/laravel/framework/src/Illuminate/Database/Schema/Grammars/MySqlGrammar.php(1165): Illuminate\\Database\\Schema\\Grammars\\Grammar->getDefaultValue()
#1 /home/bayutb123/Web/SchoolAdmin/vendor/laravel/framework/src/Illuminate/Database/Schema/Grammars/Grammar.php(222): Illuminate\\Database\\Schema\\Grammars\\MySqlGrammar->modifyDefault()
#2 /home/bayutb123/Web/SchoolAdmin/vendor/laravel/framework/src/Illuminate/Database/Schema/Grammars/Grammar.php(180): Illuminate\\Database\\Schema\\Grammars\\Grammar->addModifiers()
#3 /home/bayutb123/Web/SchoolAdmin/vendor/laravel/framework/src/Illuminate/Database/Schema/Grammars/MySqlGrammar.php(128): Illuminate\\Database\\Schema\\Grammars\\Grammar->getColumns()
#4 /home/bayutb123/Web/SchoolAdmin/vendor/laravel/framework/src/Illuminate/Database/Schema/Grammars/MySqlGrammar.php(99): Illuminate\\Database\\Schema\\Grammars\\MySqlGrammar->compileCreateTable()
#5 /home/bayutb123/Web/SchoolAdmin/vendor/laravel/framework/src/Illuminate/Database/Schema/Blueprint.php(135): Illuminate\\Database\\Schema\\Grammars\\MySqlGrammar->compileCreate()
#6 /home/bayutb123/Web/SchoolAdmin/vendor/laravel/framework/src/Illuminate/Database/Schema/Blueprint.php(108): Illuminate\\Database\\Schema\\Blueprint->toSql()
#7 /home/bayutb123/Web/SchoolAdmin/vendor/laravel/framework/src/Illuminate/Database/Schema/Builder.php(439): Illuminate\\Database\\Schema\\Blueprint->build()
#8 /home/bayutb123/Web/SchoolAdmin/vendor/laravel/framework/src/Illuminate/Database/Schema/Builder.php(285): Illuminate\\Database\\Schema\\Builder->build()
#9 /home/bayutb123/Web/SchoolAdmin/vendor/laravel/framework/src/Illuminate/Support/Facades/Facade.php(353): Illuminate\\Database\\Schema\\Builder->create()
#10 /home/bayutb123/Web/SchoolAdmin/database/migrations/2023_11_08_153113_create_inventoryissues_table.php(26): Illuminate\\Support\\Facades\\Facade::__callStatic()
#11 /home/bayutb123/Web/SchoolAdmin/vendor/laravel/framework/src/Illuminate/Database/Migrations/Migrator.php(492): Illuminate\\Database\\Migrations\\Migration@anonymous->up()
#12 /home/bayutb123/Web/SchoolAdmin/vendor/laravel/framework/src/Illuminate/Database/Migrations/Migrator.php(410): Illuminate\\Database\\Migrations\\Migrator->runMethod()
#13 /home/bayutb123/Web/SchoolAdmin/vendor/laravel/framework/src/Illuminate/Database/Migrations/Migrator.php(419): Illuminate\\Database\\Migrations\\Migrator->Illuminate\\Database\\Migrations\\{closure}()
#14 /home/bayutb123/Web/SchoolAdmin/vendor/laravel/framework/src/Illuminate/Database/Migrations/Migrator.php(216): Illuminate\\Database\\Migrations\\Migrator->runMigration()
#15 /home/bayutb123/Web/SchoolAdmin/vendor/laravel/framework/src/Illuminate/Console/View/Components/Task.php(37): Illuminate\\Database\\Migrations\\Migrator->Illuminate\\Database\\Migrations\\{closure}()
#16 /home/bayutb123/Web/SchoolAdmin/vendor/laravel/framework/src/Illuminate/Database/Migrations/Migrator.php(755): Illuminate\\Console\\View\\Components\\Task->render()
#17 /home/bayutb123/Web/SchoolAdmin/vendor/laravel/framework/src/Illuminate/Database/Migrations/Migrator.php(216): Illuminate\\Database\\Migrations\\Migrator->write()
#18 /home/bayutb123/Web/SchoolAdmin/vendor/laravel/framework/src/Illuminate/Database/Migrations/Migrator.php(181): Illuminate\\Database\\Migrations\\Migrator->runUp()
#19 /home/bayutb123/Web/SchoolAdmin/vendor/laravel/framework/src/Illuminate/Database/Migrations/Migrator.php(124): Illuminate\\Database\\Migrations\\Migrator->runPending()
#20 /home/bayutb123/Web/SchoolAdmin/vendor/laravel/framework/src/Illuminate/Database/Console/Migrations/MigrateCommand.php(90): Illuminate\\Database\\Migrations\\Migrator->run()
#21 /home/bayutb123/Web/SchoolAdmin/vendor/laravel/framework/src/Illuminate/Database/Migrations/Migrator.php(632): Illuminate\\Database\\Console\\Migrations\\MigrateCommand->Illuminate\\Database\\Console\\Migrations\\{closure}()
#22 /home/bayutb123/Web/SchoolAdmin/vendor/laravel/framework/src/Illuminate/Database/Console/Migrations/MigrateCommand.php(102): Illuminate\\Database\\Migrations\\Migrator->usingConnection()
#23 /home/bayutb123/Web/SchoolAdmin/vendor/laravel/framework/src/Illuminate/Container/BoundMethod.php(36): Illuminate\\Database\\Console\\Migrations\\MigrateCommand->handle()
#24 /home/bayutb123/Web/SchoolAdmin/vendor/laravel/framework/src/Illuminate/Container/Util.php(41): Illuminate\\Container\\BoundMethod::Illuminate\\Container\\{closure}()
#25 /home/bayutb123/Web/SchoolAdmin/vendor/laravel/framework/src/Illuminate/Container/BoundMethod.php(93): Illuminate\\Container\\Util::unwrapIfClosure()
#26 /home/bayutb123/Web/SchoolAdmin/vendor/laravel/framework/src/Illuminate/Container/BoundMethod.php(37): Illuminate\\Container\\BoundMethod::callBoundMethod()
#27 /home/bayutb123/Web/SchoolAdmin/vendor/laravel/framework/src/Illuminate/Container/Container.php(662): Illuminate\\Container\\BoundMethod::call()
#28 /home/bayutb123/Web/SchoolAdmin/vendor/laravel/framework/src/Illuminate/Console/Command.php(194): Illuminate\\Container\\Container->call()
#29 /home/bayutb123/Web/SchoolAdmin/vendor/symfony/console/Command/Command.php(312): Illuminate\\Console\\Command->execute()
#30 /home/bayutb123/Web/SchoolAdmin/vendor/laravel/framework/src/Illuminate/Console/Command.php(164): Symfony\\Component\\Console\\Command\\Command->run()
#31 /home/bayutb123/Web/SchoolAdmin/vendor/symfony/console/Application.php(1040): Illuminate\\Console\\Command->run()
#32 /home/bayutb123/Web/SchoolAdmin/vendor/symfony/console/Application.php(314): Symfony\\Component\\Console\\Application->doRunCommand()
#33 /home/bayutb123/Web/SchoolAdmin/vendor/symfony/console/Application.php(168): Symfony\\Component\\Console\\Application->doRun()
#34 /home/bayutb123/Web/SchoolAdmin/vendor/laravel/framework/src/Illuminate/Foundation/Console/Kernel.php(200): Symfony\\Component\\Console\\Application->run()
#35 /home/bayutb123/Web/SchoolAdmin/artisan(37): Illuminate\\Foundation\\Console\\Kernel->handle()
#36 {main}
"} 
[2023-11-08 15:54:20] local.ERROR: SQLSTATE[HY000]: General error: 1005 Can't create table `testsb`.`inventoryissues` (errno: 150 "Foreign key constraint is incorrectly formed") (Connection: mysql, SQL: alter table `inventoryissues` add constraint `inventoryissues_issue_group_id_foreign` foreign key (`issue_group_id`) references `inventoryissuesgroup` (`inventory_group_id`)) {"exception":"[object] (Illuminate\\Database\\QueryException(code: HY000): SQLSTATE[HY000]: General error: 1005 Can't create table `testsb`.`inventoryissues` (errno: 150 \"Foreign key constraint is incorrectly formed\") (Connection: mysql, SQL: alter table `inventoryissues` add constraint `inventoryissues_issue_group_id_foreign` foreign key (`issue_group_id`) references `inventoryissuesgroup` (`inventory_group_id`)) at /home/bayutb123/Web/SchoolAdmin/vendor/laravel/framework/src/Illuminate/Database/Connection.php:793)
[stacktrace]
#0 /home/bayutb123/Web/SchoolAdmin/vendor/laravel/framework/src/Illuminate/Database/Connection.php(753): Illuminate\\Database\\Connection->runQueryCallback()
#1 /home/bayutb123/Web/SchoolAdmin/vendor/laravel/framework/src/Illuminate/Database/Connection.php(579): Illuminate\\Database\\Connection->run()
#2 /home/bayutb123/Web/SchoolAdmin/vendor/laravel/framework/src/Illuminate/Database/Schema/Blueprint.php(109): Illuminate\\Database\\Connection->statement()
#3 /home/bayutb123/Web/SchoolAdmin/vendor/laravel/framework/src/Illuminate/Database/Schema/Builder.php(439): Illuminate\\Database\\Schema\\Blueprint->build()
#4 /home/bayutb123/Web/SchoolAdmin/vendor/laravel/framework/src/Illuminate/Database/Schema/Builder.php(285): Illuminate\\Database\\Schema\\Builder->build()
#5 /home/bayutb123/Web/SchoolAdmin/vendor/laravel/framework/src/Illuminate/Support/Facades/Facade.php(353): Illuminate\\Database\\Schema\\Builder->create()
#6 /home/bayutb123/Web/SchoolAdmin/database/migrations/2023_11_08_153113_create_inventoryissues_table.php(27): Illuminate\\Support\\Facades\\Facade::__callStatic()
#7 /home/bayutb123/Web/SchoolAdmin/vendor/laravel/framework/src/Illuminate/Database/Migrations/Migrator.php(492): Illuminate\\Database\\Migrations\\Migration@anonymous->up()
#8 /home/bayutb123/Web/SchoolAdmin/vendor/laravel/framework/src/Illuminate/Database/Migrations/Migrator.php(410): Illuminate\\Database\\Migrations\\Migrator->runMethod()
#9 /home/bayutb123/Web/SchoolAdmin/vendor/laravel/framework/src/Illuminate/Database/Migrations/Migrator.php(419): Illuminate\\Database\\Migrations\\Migrator->Illuminate\\Database\\Migrations\\{closure}()
#10 /home/bayutb123/Web/SchoolAdmin/vendor/laravel/framework/src/Illuminate/Database/Migrations/Migrator.php(216): Illuminate\\Database\\Migrations\\Migrator->runMigration()
#11 /home/bayutb123/Web/SchoolAdmin/vendor/laravel/framework/src/Illuminate/Console/View/Components/Task.php(37): Illuminate\\Database\\Migrations\\Migrator->Illuminate\\Database\\Migrations\\{closure}()
#12 /home/bayutb123/Web/SchoolAdmin/vendor/laravel/framework/src/Illuminate/Database/Migrations/Migrator.php(755): Illuminate\\Console\\View\\Components\\Task->render()
#13 /home/bayutb123/Web/SchoolAdmin/vendor/laravel/framework/src/Illuminate/Database/Migrations/Migrator.php(216): Illuminate\\Database\\Migrations\\Migrator->write()
#14 /home/bayutb123/Web/SchoolAdmin/vendor/laravel/framework/src/Illuminate/Database/Migrations/Migrator.php(181): Illuminate\\Database\\Migrations\\Migrator->runUp()
#15 /home/bayutb123/Web/SchoolAdmin/vendor/laravel/framework/src/Illuminate/Database/Migrations/Migrator.php(124): Illuminate\\Database\\Migrations\\Migrator->runPending()
#16 /home/bayutb123/Web/SchoolAdmin/vendor/laravel/framework/src/Illuminate/Database/Console/Migrations/MigrateCommand.php(90): Illuminate\\Database\\Migrations\\Migrator->run()
#17 /home/bayutb123/Web/SchoolAdmin/vendor/laravel/framework/src/Illuminate/Database/Migrations/Migrator.php(632): Illuminate\\Database\\Console\\Migrations\\MigrateCommand->Illuminate\\Database\\Console\\Migrations\\{closure}()
#18 /home/bayutb123/Web/SchoolAdmin/vendor/laravel/framework/src/Illuminate/Database/Console/Migrations/MigrateCommand.php(102): Illuminate\\Database\\Migrations\\Migrator->usingConnection()
#19 /home/bayutb123/Web/SchoolAdmin/vendor/laravel/framework/src/Illuminate/Container/BoundMethod.php(36): Illuminate\\Database\\Console\\Migrations\\MigrateCommand->handle()
#20 /home/bayutb123/Web/SchoolAdmin/vendor/laravel/framework/src/Illuminate/Container/Util.php(41): Illuminate\\Container\\BoundMethod::Illuminate\\Container\\{closure}()
#21 /home/bayutb123/Web/SchoolAdmin/vendor/laravel/framework/src/Illuminate/Container/BoundMethod.php(93): Illuminate\\Container\\Util::unwrapIfClosure()
#22 /home/bayutb123/Web/SchoolAdmin/vendor/laravel/framework/src/Illuminate/Container/BoundMethod.php(37): Illuminate\\Container\\BoundMethod::callBoundMethod()
#23 /home/bayutb123/Web/SchoolAdmin/vendor/laravel/framework/src/Illuminate/Container/Container.php(662): Illuminate\\Container\\BoundMethod::call()
#24 /home/bayutb123/Web/SchoolAdmin/vendor/laravel/framework/src/Illuminate/Console/Command.php(194): Illuminate\\Container\\Container->call()
#25 /home/bayutb123/Web/SchoolAdmin/vendor/symfony/console/Command/Command.php(312): Illuminate\\Console\\Command->execute()
#26 /home/bayutb123/Web/SchoolAdmin/vendor/laravel/framework/src/Illuminate/Console/Command.php(164): Symfony\\Component\\Console\\Command\\Command->run()
#27 /home/bayutb123/Web/SchoolAdmin/vendor/laravel/framework/src/Illuminate/Console/Concerns/CallsCommands.php(68): Illuminate\\Console\\Command->run()
#28 /home/bayutb123/Web/SchoolAdmin/vendor/laravel/framework/src/Illuminate/Console/Concerns/CallsCommands.php(28): Illuminate\\Console\\Command->runCommand()
#29 /home/bayutb123/Web/SchoolAdmin/vendor/laravel/framework/src/Illuminate/Database/Console/Migrations/FreshCommand.php(59): Illuminate\\Console\\Command->call()
#30 /home/bayutb123/Web/SchoolAdmin/vendor/laravel/framework/src/Illuminate/Container/BoundMethod.php(36): Illuminate\\Database\\Console\\Migrations\\FreshCommand->handle()
#31 /home/bayutb123/Web/SchoolAdmin/vendor/laravel/framework/src/Illuminate/Container/Util.php(41): Illuminate\\Container\\BoundMethod::Illuminate\\Container\\{closure}()
#32 /home/bayutb123/Web/SchoolAdmin/vendor/laravel/framework/src/Illuminate/Container/BoundMethod.php(93): Illuminate\\Container\\Util::unwrapIfClosure()
#33 /home/bayutb123/Web/SchoolAdmin/vendor/laravel/framework/src/Illuminate/Container/BoundMethod.php(37): Illuminate\\Container\\BoundMethod::callBoundMethod()
#34 /home/bayutb123/Web/SchoolAdmin/vendor/laravel/framework/src/Illuminate/Container/Container.php(662): Illuminate\\Container\\BoundMethod::call()
#35 /home/bayutb123/Web/SchoolAdmin/vendor/laravel/framework/src/Illuminate/Console/Command.php(194): Illuminate\\Container\\Container->call()
#36 /home/bayutb123/Web/SchoolAdmin/vendor/symfony/console/Command/Command.php(312): Illuminate\\Console\\Command->execute()
#37 /home/bayutb123/Web/SchoolAdmin/vendor/laravel/framework/src/Illuminate/Console/Command.php(164): Symfony\\Component\\Console\\Command\\Command->run()
#38 /home/bayutb123/Web/SchoolAdmin/vendor/symfony/console/Application.php(1040): Illuminate\\Console\\Command->run()
#39 /home/bayutb123/Web/SchoolAdmin/vendor/symfony/console/Application.php(314): Symfony\\Component\\Console\\Application->doRunCommand()
#40 /home/bayutb123/Web/SchoolAdmin/vendor/symfony/console/Application.php(168): Symfony\\Component\\Console\\Application->doRun()
#41 /home/bayutb123/Web/SchoolAdmin/vendor/laravel/framework/src/Illuminate/Foundation/Console/Kernel.php(200): Symfony\\Component\\Console\\Application->run()
#42 /home/bayutb123/Web/SchoolAdmin/artisan(37): Illuminate\\Foundation\\Console\\Kernel->handle()
#43 {main}

[previous exception] [object] (PDOException(code: HY000): SQLSTATE[HY000]: General error: 1005 Can't create table `testsb`.`inventoryissues` (errno: 150 \"Foreign key constraint is incorrectly formed\") at /home/bayutb123/Web/SchoolAdmin/vendor/laravel/framework/src/Illuminate/Database/Connection.php:578)
[stacktrace]
#0 /home/bayutb123/Web/SchoolAdmin/vendor/laravel/framework/src/Illuminate/Database/Connection.php(578): PDOStatement->execute()
#1 /home/bayutb123/Web/SchoolAdmin/vendor/laravel/framework/src/Illuminate/Database/Connection.php(786): Illuminate\\Database\\Connection->Illuminate\\Database\\{closure}()
#2 /home/bayutb123/Web/SchoolAdmin/vendor/laravel/framework/src/Illuminate/Database/Connection.php(753): Illuminate\\Database\\Connection->runQueryCallback()
#3 /home/bayutb123/Web/SchoolAdmin/vendor/laravel/framework/src/Illuminate/Database/Connection.php(579): Illuminate\\Database\\Connection->run()
#4 /home/bayutb123/Web/SchoolAdmin/vendor/laravel/framework/src/Illuminate/Database/Schema/Blueprint.php(109): Illuminate\\Database\\Connection->statement()
#5 /home/bayutb123/Web/SchoolAdmin/vendor/laravel/framework/src/Illuminate/Database/Schema/Builder.php(439): Illuminate\\Database\\Schema\\Blueprint->build()
#6 /home/bayutb123/Web/SchoolAdmin/vendor/laravel/framework/src/Illuminate/Database/Schema/Builder.php(285): Illuminate\\Database\\Schema\\Builder->build()
#7 /home/bayutb123/Web/SchoolAdmin/vendor/laravel/framework/src/Illuminate/Support/Facades/Facade.php(353): Illuminate\\Database\\Schema\\Builder->create()
#8 /home/bayutb123/Web/SchoolAdmin/database/migrations/2023_11_08_153113_create_inventoryissues_table.php(27): Illuminate\\Support\\Facades\\Facade::__callStatic()
#9 /home/bayutb123/Web/SchoolAdmin/vendor/laravel/framework/src/Illuminate/Database/Migrations/Migrator.php(492): Illuminate\\Database\\Migrations\\Migration@anonymous->up()
#10 /home/bayutb123/Web/SchoolAdmin/vendor/laravel/framework/src/Illuminate/Database/Migrations/Migrator.php(410): Illuminate\\Database\\Migrations\\Migrator->runMethod()
#11 /home/bayutb123/Web/SchoolAdmin/vendor/laravel/framework/src/Illuminate/Database/Migrations/Migrator.php(419): Illuminate\\Database\\Migrations\\Migrator->Illuminate\\Database\\Migrations\\{closure}()
#12 /home/bayutb123/Web/SchoolAdmin/vendor/laravel/framework/src/Illuminate/Database/Migrations/Migrator.php(216): Illuminate\\Database\\Migrations\\Migrator->runMigration()
#13 /home/bayutb123/Web/SchoolAdmin/vendor/laravel/framework/src/Illuminate/Console/View/Components/Task.php(37): Illuminate\\Database\\Migrations\\Migrator->Illuminate\\Database\\Migrations\\{closure}()
#14 /home/bayutb123/Web/SchoolAdmin/vendor/laravel/framework/src/Illuminate/Database/Migrations/Migrator.php(755): Illuminate\\Console\\View\\Components\\Task->render()
#15 /home/bayutb123/Web/SchoolAdmin/vendor/laravel/framework/src/Illuminate/Database/Migrations/Migrator.php(216): Illuminate\\Database\\Migrations\\Migrator->write()
#16 /home/bayutb123/Web/SchoolAdmin/vendor/laravel/framework/src/Illuminate/Database/Migrations/Migrator.php(181): Illuminate\\Database\\Migrations\\Migrator->runUp()
#17 /home/bayutb123/Web/SchoolAdmin/vendor/laravel/framework/src/Illuminate/Database/Migrations/Migrator.php(124): Illuminate\\Database\\Migrations\\Migrator->runPending()
#18 /home/bayutb123/Web/SchoolAdmin/vendor/laravel/framework/src/Illuminate/Database/Console/Migrations/MigrateCommand.php(90): Illuminate\\Database\\Migrations\\Migrator->run()
#19 /home/bayutb123/Web/SchoolAdmin/vendor/laravel/framework/src/Illuminate/Database/Migrations/Migrator.php(632): Illuminate\\Database\\Console\\Migrations\\MigrateCommand->Illuminate\\Database\\Console\\Migrations\\{closure}()
#20 /home/bayutb123/Web/SchoolAdmin/vendor/laravel/framework/src/Illuminate/Database/Console/Migrations/MigrateCommand.php(102): Illuminate\\Database\\Migrations\\Migrator->usingConnection()
#21 /home/bayutb123/Web/SchoolAdmin/vendor/laravel/framework/src/Illuminate/Container/BoundMethod.php(36): Illuminate\\Database\\Console\\Migrations\\MigrateCommand->handle()
#22 /home/bayutb123/Web/SchoolAdmin/vendor/laravel/framework/src/Illuminate/Container/Util.php(41): Illuminate\\Container\\BoundMethod::Illuminate\\Container\\{closure}()
#23 /home/bayutb123/Web/SchoolAdmin/vendor/laravel/framework/src/Illuminate/Container/BoundMethod.php(93): Illuminate\\Container\\Util::unwrapIfClosure()
#24 /home/bayutb123/Web/SchoolAdmin/vendor/laravel/framework/src/Illuminate/Container/BoundMethod.php(37): Illuminate\\Container\\BoundMethod::callBoundMethod()
#25 /home/bayutb123/Web/SchoolAdmin/vendor/laravel/framework/src/Illuminate/Container/Container.php(662): Illuminate\\Container\\BoundMethod::call()
#26 /home/bayutb123/Web/SchoolAdmin/vendor/laravel/framework/src/Illuminate/Console/Command.php(194): Illuminate\\Container\\Container->call()
#27 /home/bayutb123/Web/SchoolAdmin/vendor/symfony/console/Command/Command.php(312): Illuminate\\Console\\Command->execute()
#28 /home/bayutb123/Web/SchoolAdmin/vendor/laravel/framework/src/Illuminate/Console/Command.php(164): Symfony\\Component\\Console\\Command\\Command->run()
#29 /home/bayutb123/Web/SchoolAdmin/vendor/laravel/framework/src/Illuminate/Console/Concerns/CallsCommands.php(68): Illuminate\\Console\\Command->run()
#30 /home/bayutb123/Web/SchoolAdmin/vendor/laravel/framework/src/Illuminate/Console/Concerns/CallsCommands.php(28): Illuminate\\Console\\Command->runCommand()
#31 /home/bayutb123/Web/SchoolAdmin/vendor/laravel/framework/src/Illuminate/Database/Console/Migrations/FreshCommand.php(59): Illuminate\\Console\\Command->call()
#32 /home/bayutb123/Web/SchoolAdmin/vendor/laravel/framework/src/Illuminate/Container/BoundMethod.php(36): Illuminate\\Database\\Console\\Migrations\\FreshCommand->handle()
#33 /home/bayutb123/Web/SchoolAdmin/vendor/laravel/framework/src/Illuminate/Container/Util.php(41): Illuminate\\Container\\BoundMethod::Illuminate\\Container\\{closure}()
#34 /home/bayutb123/Web/SchoolAdmin/vendor/laravel/framework/src/Illuminate/Container/BoundMethod.php(93): Illuminate\\Container\\Util::unwrapIfClosure()
#35 /home/bayutb123/Web/SchoolAdmin/vendor/laravel/framework/src/Illuminate/Container/BoundMethod.php(37): Illuminate\\Container\\BoundMethod::callBoundMethod()
#36 /home/bayutb123/Web/SchoolAdmin/vendor/laravel/framework/src/Illuminate/Container/Container.php(662): Illuminate\\Container\\BoundMethod::call()
#37 /home/bayutb123/Web/SchoolAdmin/vendor/laravel/framework/src/Illuminate/Console/Command.php(194): Illuminate\\Container\\Container->call()
#38 /home/bayutb123/Web/SchoolAdmin/vendor/symfony/console/Command/Command.php(312): Illuminate\\Console\\Command->execute()
#39 /home/bayutb123/Web/SchoolAdmin/vendor/laravel/framework/src/Illuminate/Console/Command.php(164): Symfony\\Component\\Console\\Command\\Command->run()
#40 /home/bayutb123/Web/SchoolAdmin/vendor/symfony/console/Application.php(1040): Illuminate\\Console\\Command->run()
#41 /home/bayutb123/Web/SchoolAdmin/vendor/symfony/console/Application.php(314): Symfony\\Component\\Console\\Application->doRunCommand()
#42 /home/bayutb123/Web/SchoolAdmin/vendor/symfony/console/Application.php(168): Symfony\\Component\\Console\\Application->doRun()
#43 /home/bayutb123/Web/SchoolAdmin/vendor/laravel/framework/src/Illuminate/Foundation/Console/Kernel.php(200): Symfony\\Component\\Console\\Application->run()
#44 /home/bayutb123/Web/SchoolAdmin/artisan(37): Illuminate\\Foundation\\Console\\Kernel->handle()
#45 {main}
"} 
[2023-11-08 15:56:23] local.ERROR: SQLSTATE[HY000]: General error: 1005 Can't create table `testsb`.`inventoryissues` (errno: 150 "Foreign key constraint is incorrectly formed") (Connection: mysql, SQL: alter table `inventoryissues` add constraint `inventoryissues_issue_group_id_foreign` foreign key (`issue_group_id`) references `inventoryissuesgroup` (`inventory_group_id`) on delete cascade) {"exception":"[object] (Illuminate\\Database\\QueryException(code: HY000): SQLSTATE[HY000]: General error: 1005 Can't create table `testsb`.`inventoryissues` (errno: 150 \"Foreign key constraint is incorrectly formed\") (Connection: mysql, SQL: alter table `inventoryissues` add constraint `inventoryissues_issue_group_id_foreign` foreign key (`issue_group_id`) references `inventoryissuesgroup` (`inventory_group_id`) on delete cascade) at /home/bayutb123/Web/SchoolAdmin/vendor/laravel/framework/src/Illuminate/Database/Connection.php:793)
[stacktrace]
#0 /home/bayutb123/Web/SchoolAdmin/vendor/laravel/framework/src/Illuminate/Database/Connection.php(753): Illuminate\\Database\\Connection->runQueryCallback()
#1 /home/bayutb123/Web/SchoolAdmin/vendor/laravel/framework/src/Illuminate/Database/Connection.php(579): Illuminate\\Database\\Connection->run()
#2 /home/bayutb123/Web/SchoolAdmin/vendor/laravel/framework/src/Illuminate/Database/Schema/Blueprint.php(109): Illuminate\\Database\\Connection->statement()
#3 /home/bayutb123/Web/SchoolAdmin/vendor/laravel/framework/src/Illuminate/Database/Schema/Builder.php(439): Illuminate\\Database\\Schema\\Blueprint->build()
#4 /home/bayutb123/Web/SchoolAdmin/vendor/laravel/framework/src/Illuminate/Database/Schema/Builder.php(285): Illuminate\\Database\\Schema\\Builder->build()
#5 /home/bayutb123/Web/SchoolAdmin/vendor/laravel/framework/src/Illuminate/Support/Facades/Facade.php(353): Illuminate\\Database\\Schema\\Builder->create()
#6 /home/bayutb123/Web/SchoolAdmin/database/migrations/2023_11_08_153113_create_inventoryissues_table.php(27): Illuminate\\Support\\Facades\\Facade::__callStatic()
#7 /home/bayutb123/Web/SchoolAdmin/vendor/laravel/framework/src/Illuminate/Database/Migrations/Migrator.php(492): Illuminate\\Database\\Migrations\\Migration@anonymous->up()
#8 /home/bayutb123/Web/SchoolAdmin/vendor/laravel/framework/src/Illuminate/Database/Migrations/Migrator.php(410): Illuminate\\Database\\Migrations\\Migrator->runMethod()
#9 /home/bayutb123/Web/SchoolAdmin/vendor/laravel/framework/src/Illuminate/Database/Migrations/Migrator.php(419): Illuminate\\Database\\Migrations\\Migrator->Illuminate\\Database\\Migrations\\{closure}()
#10 /home/bayutb123/Web/SchoolAdmin/vendor/laravel/framework/src/Illuminate/Database/Migrations/Migrator.php(216): Illuminate\\Database\\Migrations\\Migrator->runMigration()
#11 /home/bayutb123/Web/SchoolAdmin/vendor/laravel/framework/src/Illuminate/Console/View/Components/Task.php(37): Illuminate\\Database\\Migrations\\Migrator->Illuminate\\Database\\Migrations\\{closure}()
#12 /home/bayutb123/Web/SchoolAdmin/vendor/laravel/framework/src/Illuminate/Database/Migrations/Migrator.php(755): Illuminate\\Console\\View\\Components\\Task->render()
#13 /home/bayutb123/Web/SchoolAdmin/vendor/laravel/framework/src/Illuminate/Database/Migrations/Migrator.php(216): Illuminate\\Database\\Migrations\\Migrator->write()
#14 /home/bayutb123/Web/SchoolAdmin/vendor/laravel/framework/src/Illuminate/Database/Migrations/Migrator.php(181): Illuminate\\Database\\Migrations\\Migrator->runUp()
#15 /home/bayutb123/Web/SchoolAdmin/vendor/laravel/framework/src/Illuminate/Database/Migrations/Migrator.php(124): Illuminate\\Database\\Migrations\\Migrator->runPending()
#16 /home/bayutb123/Web/SchoolAdmin/vendor/laravel/framework/src/Illuminate/Database/Console/Migrations/MigrateCommand.php(90): Illuminate\\Database\\Migrations\\Migrator->run()
#17 /home/bayutb123/Web/SchoolAdmin/vendor/laravel/framework/src/Illuminate/Database/Migrations/Migrator.php(632): Illuminate\\Database\\Console\\Migrations\\MigrateCommand->Illuminate\\Database\\Console\\Migrations\\{closure}()
#18 /home/bayutb123/Web/SchoolAdmin/vendor/laravel/framework/src/Illuminate/Database/Console/Migrations/MigrateCommand.php(102): Illuminate\\Database\\Migrations\\Migrator->usingConnection()
#19 /home/bayutb123/Web/SchoolAdmin/vendor/laravel/framework/src/Illuminate/Container/BoundMethod.php(36): Illuminate\\Database\\Console\\Migrations\\MigrateCommand->handle()
#20 /home/bayutb123/Web/SchoolAdmin/vendor/laravel/framework/src/Illuminate/Container/Util.php(41): Illuminate\\Container\\BoundMethod::Illuminate\\Container\\{closure}()
#21 /home/bayutb123/Web/SchoolAdmin/vendor/laravel/framework/src/Illuminate/Container/BoundMethod.php(93): Illuminate\\Container\\Util::unwrapIfClosure()
#22 /home/bayutb123/Web/SchoolAdmin/vendor/laravel/framework/src/Illuminate/Container/BoundMethod.php(37): Illuminate\\Container\\BoundMethod::callBoundMethod()
#23 /home/bayutb123/Web/SchoolAdmin/vendor/laravel/framework/src/Illuminate/Container/Container.php(662): Illuminate\\Container\\BoundMethod::call()
#24 /home/bayutb123/Web/SchoolAdmin/vendor/laravel/framework/src/Illuminate/Console/Command.php(194): Illuminate\\Container\\Container->call()
#25 /home/bayutb123/Web/SchoolAdmin/vendor/symfony/console/Command/Command.php(312): Illuminate\\Console\\Command->execute()
#26 /home/bayutb123/Web/SchoolAdmin/vendor/laravel/framework/src/Illuminate/Console/Command.php(164): Symfony\\Component\\Console\\Command\\Command->run()
#27 /home/bayutb123/Web/SchoolAdmin/vendor/laravel/framework/src/Illuminate/Console/Concerns/CallsCommands.php(68): Illuminate\\Console\\Command->run()
#28 /home/bayutb123/Web/SchoolAdmin/vendor/laravel/framework/src/Illuminate/Console/Concerns/CallsCommands.php(28): Illuminate\\Console\\Command->runCommand()
#29 /home/bayutb123/Web/SchoolAdmin/vendor/laravel/framework/src/Illuminate/Database/Console/Migrations/FreshCommand.php(59): Illuminate\\Console\\Command->call()
#30 /home/bayutb123/Web/SchoolAdmin/vendor/laravel/framework/src/Illuminate/Container/BoundMethod.php(36): Illuminate\\Database\\Console\\Migrations\\FreshCommand->handle()
#31 /home/bayutb123/Web/SchoolAdmin/vendor/laravel/framework/src/Illuminate/Container/Util.php(41): Illuminate\\Container\\BoundMethod::Illuminate\\Container\\{closure}()
#32 /home/bayutb123/Web/SchoolAdmin/vendor/laravel/framework/src/Illuminate/Container/BoundMethod.php(93): Illuminate\\Container\\Util::unwrapIfClosure()
#33 /home/bayutb123/Web/SchoolAdmin/vendor/laravel/framework/src/Illuminate/Container/BoundMethod.php(37): Illuminate\\Container\\BoundMethod::callBoundMethod()
#34 /home/bayutb123/Web/SchoolAdmin/vendor/laravel/framework/src/Illuminate/Container/Container.php(662): Illuminate\\Container\\BoundMethod::call()
#35 /home/bayutb123/Web/SchoolAdmin/vendor/laravel/framework/src/Illuminate/Console/Command.php(194): Illuminate\\Container\\Container->call()
#36 /home/bayutb123/Web/SchoolAdmin/vendor/symfony/console/Command/Command.php(312): Illuminate\\Console\\Command->execute()
#37 /home/bayutb123/Web/SchoolAdmin/vendor/laravel/framework/src/Illuminate/Console/Command.php(164): Symfony\\Component\\Console\\Command\\Command->run()
#38 /home/bayutb123/Web/SchoolAdmin/vendor/symfony/console/Application.php(1040): Illuminate\\Console\\Command->run()
#39 /home/bayutb123/Web/SchoolAdmin/vendor/symfony/console/Application.php(314): Symfony\\Component\\Console\\Application->doRunCommand()
#40 /home/bayutb123/Web/SchoolAdmin/vendor/symfony/console/Application.php(168): Symfony\\Component\\Console\\Application->doRun()
#41 /home/bayutb123/Web/SchoolAdmin/vendor/laravel/framework/src/Illuminate/Foundation/Console/Kernel.php(200): Symfony\\Component\\Console\\Application->run()
#42 /home/bayutb123/Web/SchoolAdmin/artisan(37): Illuminate\\Foundation\\Console\\Kernel->handle()
#43 {main}

[previous exception] [object] (PDOException(code: HY000): SQLSTATE[HY000]: General error: 1005 Can't create table `testsb`.`inventoryissues` (errno: 150 \"Foreign key constraint is incorrectly formed\") at /home/bayutb123/Web/SchoolAdmin/vendor/laravel/framework/src/Illuminate/Database/Connection.php:578)
[stacktrace]
#0 /home/bayutb123/Web/SchoolAdmin/vendor/laravel/framework/src/Illuminate/Database/Connection.php(578): PDOStatement->execute()
#1 /home/bayutb123/Web/SchoolAdmin/vendor/laravel/framework/src/Illuminate/Database/Connection.php(786): Illuminate\\Database\\Connection->Illuminate\\Database\\{closure}()
#2 /home/bayutb123/Web/SchoolAdmin/vendor/laravel/framework/src/Illuminate/Database/Connection.php(753): Illuminate\\Database\\Connection->runQueryCallback()
#3 /home/bayutb123/Web/SchoolAdmin/vendor/laravel/framework/src/Illuminate/Database/Connection.php(579): Illuminate\\Database\\Connection->run()
#4 /home/bayutb123/Web/SchoolAdmin/vendor/laravel/framework/src/Illuminate/Database/Schema/Blueprint.php(109): Illuminate\\Database\\Connection->statement()
#5 /home/bayutb123/Web/SchoolAdmin/vendor/laravel/framework/src/Illuminate/Database/Schema/Builder.php(439): Illuminate\\Database\\Schema\\Blueprint->build()
#6 /home/bayutb123/Web/SchoolAdmin/vendor/laravel/framework/src/Illuminate/Database/Schema/Builder.php(285): Illuminate\\Database\\Schema\\Builder->build()
#7 /home/bayutb123/Web/SchoolAdmin/vendor/laravel/framework/src/Illuminate/Support/Facades/Facade.php(353): Illuminate\\Database\\Schema\\Builder->create()
#8 /home/bayutb123/Web/SchoolAdmin/database/migrations/2023_11_08_153113_create_inventoryissues_table.php(27): Illuminate\\Support\\Facades\\Facade::__callStatic()
#9 /home/bayutb123/Web/SchoolAdmin/vendor/laravel/framework/src/Illuminate/Database/Migrations/Migrator.php(492): Illuminate\\Database\\Migrations\\Migration@anonymous->up()
#10 /home/bayutb123/Web/SchoolAdmin/vendor/laravel/framework/src/Illuminate/Database/Migrations/Migrator.php(410): Illuminate\\Database\\Migrations\\Migrator->runMethod()
#11 /home/bayutb123/Web/SchoolAdmin/vendor/laravel/framework/src/Illuminate/Database/Migrations/Migrator.php(419): Illuminate\\Database\\Migrations\\Migrator->Illuminate\\Database\\Migrations\\{closure}()
#12 /home/bayutb123/Web/SchoolAdmin/vendor/laravel/framework/src/Illuminate/Database/Migrations/Migrator.php(216): Illuminate\\Database\\Migrations\\Migrator->runMigration()
#13 /home/bayutb123/Web/SchoolAdmin/vendor/laravel/framework/src/Illuminate/Console/View/Components/Task.php(37): Illuminate\\Database\\Migrations\\Migrator->Illuminate\\Database\\Migrations\\{closure}()
#14 /home/bayutb123/Web/SchoolAdmin/vendor/laravel/framework/src/Illuminate/Database/Migrations/Migrator.php(755): Illuminate\\Console\\View\\Components\\Task->render()
#15 /home/bayutb123/Web/SchoolAdmin/vendor/laravel/framework/src/Illuminate/Database/Migrations/Migrator.php(216): Illuminate\\Database\\Migrations\\Migrator->write()
#16 /home/bayutb123/Web/SchoolAdmin/vendor/laravel/framework/src/Illuminate/Database/Migrations/Migrator.php(181): Illuminate\\Database\\Migrations\\Migrator->runUp()
#17 /home/bayutb123/Web/SchoolAdmin/vendor/laravel/framework/src/Illuminate/Database/Migrations/Migrator.php(124): Illuminate\\Database\\Migrations\\Migrator->runPending()
#18 /home/bayutb123/Web/SchoolAdmin/vendor/laravel/framework/src/Illuminate/Database/Console/Migrations/MigrateCommand.php(90): Illuminate\\Database\\Migrations\\Migrator->run()
#19 /home/bayutb123/Web/SchoolAdmin/vendor/laravel/framework/src/Illuminate/Database/Migrations/Migrator.php(632): Illuminate\\Database\\Console\\Migrations\\MigrateCommand->Illuminate\\Database\\Console\\Migrations\\{closure}()
#20 /home/bayutb123/Web/SchoolAdmin/vendor/laravel/framework/src/Illuminate/Database/Console/Migrations/MigrateCommand.php(102): Illuminate\\Database\\Migrations\\Migrator->usingConnection()
#21 /home/bayutb123/Web/SchoolAdmin/vendor/laravel/framework/src/Illuminate/Container/BoundMethod.php(36): Illuminate\\Database\\Console\\Migrations\\MigrateCommand->handle()
#22 /home/bayutb123/Web/SchoolAdmin/vendor/laravel/framework/src/Illuminate/Container/Util.php(41): Illuminate\\Container\\BoundMethod::Illuminate\\Container\\{closure}()
#23 /home/bayutb123/Web/SchoolAdmin/vendor/laravel/framework/src/Illuminate/Container/BoundMethod.php(93): Illuminate\\Container\\Util::unwrapIfClosure()
#24 /home/bayutb123/Web/SchoolAdmin/vendor/laravel/framework/src/Illuminate/Container/BoundMethod.php(37): Illuminate\\Container\\BoundMethod::callBoundMethod()
#25 /home/bayutb123/Web/SchoolAdmin/vendor/laravel/framework/src/Illuminate/Container/Container.php(662): Illuminate\\Container\\BoundMethod::call()
#26 /home/bayutb123/Web/SchoolAdmin/vendor/laravel/framework/src/Illuminate/Console/Command.php(194): Illuminate\\Container\\Container->call()
#27 /home/bayutb123/Web/SchoolAdmin/vendor/symfony/console/Command/Command.php(312): Illuminate\\Console\\Command->execute()
#28 /home/bayutb123/Web/SchoolAdmin/vendor/laravel/framework/src/Illuminate/Console/Command.php(164): Symfony\\Component\\Console\\Command\\Command->run()
#29 /home/bayutb123/Web/SchoolAdmin/vendor/laravel/framework/src/Illuminate/Console/Concerns/CallsCommands.php(68): Illuminate\\Console\\Command->run()
#30 /home/bayutb123/Web/SchoolAdmin/vendor/laravel/framework/src/Illuminate/Console/Concerns/CallsCommands.php(28): Illuminate\\Console\\Command->runCommand()
#31 /home/bayutb123/Web/SchoolAdmin/vendor/laravel/framework/src/Illuminate/Database/Console/Migrations/FreshCommand.php(59): Illuminate\\Console\\Command->call()
#32 /home/bayutb123/Web/SchoolAdmin/vendor/laravel/framework/src/Illuminate/Container/BoundMethod.php(36): Illuminate\\Database\\Console\\Migrations\\FreshCommand->handle()
#33 /home/bayutb123/Web/SchoolAdmin/vendor/laravel/framework/src/Illuminate/Container/Util.php(41): Illuminate\\Container\\BoundMethod::Illuminate\\Container\\{closure}()
#34 /home/bayutb123/Web/SchoolAdmin/vendor/laravel/framework/src/Illuminate/Container/BoundMethod.php(93): Illuminate\\Container\\Util::unwrapIfClosure()
#35 /home/bayutb123/Web/SchoolAdmin/vendor/laravel/framework/src/Illuminate/Container/BoundMethod.php(37): Illuminate\\Container\\BoundMethod::callBoundMethod()
#36 /home/bayutb123/Web/SchoolAdmin/vendor/laravel/framework/src/Illuminate/Container/Container.php(662): Illuminate\\Container\\BoundMethod::call()
#37 /home/bayutb123/Web/SchoolAdmin/vendor/laravel/framework/src/Illuminate/Console/Command.php(194): Illuminate\\Container\\Container->call()
#38 /home/bayutb123/Web/SchoolAdmin/vendor/symfony/console/Command/Command.php(312): Illuminate\\Console\\Command->execute()
#39 /home/bayutb123/Web/SchoolAdmin/vendor/laravel/framework/src/Illuminate/Console/Command.php(164): Symfony\\Component\\Console\\Command\\Command->run()
#40 /home/bayutb123/Web/SchoolAdmin/vendor/symfony/console/Application.php(1040): Illuminate\\Console\\Command->run()
#41 /home/bayutb123/Web/SchoolAdmin/vendor/symfony/console/Application.php(314): Symfony\\Component\\Console\\Application->doRunCommand()
#42 /home/bayutb123/Web/SchoolAdmin/vendor/symfony/console/Application.php(168): Symfony\\Component\\Console\\Application->doRun()
#43 /home/bayutb123/Web/SchoolAdmin/vendor/laravel/framework/src/Illuminate/Foundation/Console/Kernel.php(200): Symfony\\Component\\Console\\Application->run()
#44 /home/bayutb123/Web/SchoolAdmin/artisan(37): Illuminate\\Foundation\\Console\\Kernel->handle()
#45 {main}
"} 
